<?xml version="1.0" encoding="UTF-8"?>
<!-- Generated by org.testng.reporters.JUnitReportReporter -->
<testsuite hostname="Prasanna" failures="0" tests="5" name="com.zenken.freshers.user.Settings" time="41.567" errors="0" timestamp="2024-10-23T17:50:26 IST" skipped="0">
  <testcase classname="com.zenken.freshers.user.Settings" name="verifySettingsTitle" time="7.393"/>
  <testcase classname="com.zenken.freshers.user.Settings" name="verifySetDesTexts" time="7.302"/>
  <testcase classname="com.zenken.freshers.user.Settings" name="verifySetSelected" time="9.463"/>
  <testcase classname="com.zenken.freshers.user.Settings" name="verifySettingsUrl" time="7.229"/>
  <testcase classname="com.zenken.freshers.user.Settings" name="verifySetNotSelected" time="10.180"/>
</testsuite> <!-- com.zenken.freshers.user.Settings -->
