<?xml version="1.0" encoding="UTF-8"?>
<!-- Generated by org.testng.reporters.JUnitReportReporter -->
<testsuite hostname="Prasanna" failures="0" tests="1" name="com.zenken.freshers.user.Login" time="6.801" errors="0" timestamp="2024-07-04T15:29:15 IST" skipped="0">
  <testcase classname="com.zenken.freshers.user.Login" name="sample" time="6.801"/>
</testsuite> <!-- com.zenken.freshers.user.Login -->
