<?xml version="1.0" encoding="UTF-8"?>
<!-- Generated by org.testng.reporters.JUnitReportReporter -->
<testsuite hostname="Prasanna" failures="0" tests="36" name="com.zenken.freshers.user.Projects" time="548.962" errors="1" timestamp="2024-10-11T15:06:21 IST" skipped="2">
  <testcase classname="com.zenken.freshers.user.Projects" name="verifyProjectsNewUrl" time="8.098"/>
  <testcase classname="com.zenken.freshers.user.Projects" name="verifyProjectPageTitle" time="8.127"/>
  <testcase classname="com.zenken.freshers.user.Projects" name="verifyProjectPlaceholders" time="8.172"/>
  <testcase classname="com.zenken.freshers.user.Projects" name="verifyProjectEndDateDdDisable" time="8.062"/>
  <testcase classname="com.zenken.freshers.user.Projects" name="verifyProjectAddition" time="11.552"/>
  <testcase classname="com.zenken.freshers.user.Projects" name="verifyProjectAdditionWithDetails" time="12.252"/>
  <testcase classname="com.zenken.freshers.user.Projects" name="verifyProjectAdditionWithLink" time="12.993"/>
  <testcase classname="com.zenken.freshers.user.Projects" name="verifyProjectLink" time="36.790"/>
  <testcase classname="com.zenken.freshers.user.Projects" name="verifyProjectFileUpload" time="12.765"/>
  <testcase classname="com.zenken.freshers.user.Projects" name="verifyDefaultProjectName" time="15.170"/>
  <testcase classname="com.zenken.freshers.user.Projects" name="verifyProjectAdditionWithFile" time="28.165"/>
  <testcase classname="com.zenken.freshers.user.Projects" name="verifyProjectEditUrl" time="9.905"/>
  <testcase classname="com.zenken.freshers.user.Projects" name="verifyProjectSavedData" time="8.455"/>
  <testcase classname="com.zenken.freshers.user.Projects" name="verifyProjectCharCount" time="65.284"/>
  <testcase classname="com.zenken.freshers.user.Projects" name="verifyProjectFilesUpload" time="19.884"/>
  <testcase classname="com.zenken.freshers.user.Projects" name="verifyProjectFileDelete" time="11.460"/>
  <testcase classname="com.zenken.freshers.user.Projects" name="verifyProjectCountExceed" time="21.493"/>
  <testcase classname="com.zenken.freshers.user.Projects" name="verifyProjectDeletePopUp" time="20.655">
    <error message="Expected condition failed: waiting for visibility of [[ChromeDriver: chrome on windows (fa3e5429416d96a6a2af67e6123777a8)] -&gt; css selector: [role=dialog]] (tried for 10 second(s) with 500 milliseconds interval)
Build info: version: &#039;4.22.0&#039;, revision: &#039;c5f3146703*&#039;
System info: os.name: &#039;Windows 11&#039;, os.arch: &#039;amd64&#039;, os.version: &#039;10.0&#039;, java.version: &#039;21.0.2&#039;
Driver info: org.openqa.selenium.chrome.ChromeDriver
Capabilities {acceptInsecureCerts: false, browserName: chrome, browserVersion: 129.0.6668.90, chrome: {chromedriverVersion: 129.0.6668.100 (cf58cba358d..., userDataDir: C:\Users\prasa\AppData\Loca...}, fedcm:accounts: true, goog:chromeOptions: {debuggerAddress: localhost:63271}, networkConnectionEnabled: false, pageLoadStrategy: normal, platformName: windows, proxy: Proxy(), se:cdp: ws://localhost:63271/devtoo..., se:cdpVersion: 129.0.6668.90, setWindowRect: true, strictFileInteractability: false, timeouts: {implicit: 0, pageLoad: 300000, script: 30000}, unhandledPromptBehavior: dismiss and notify, webauthn:extension:credBlob: true, webauthn:extension:largeBlob: true, webauthn:extension:minPinLength: true, webauthn:extension:prf: true, webauthn:virtualAuthenticators: true}
Session ID: fa3e5429416d96a6a2af67e6123777a8" type="org.openqa.selenium.TimeoutException">
      <![CDATA[org.openqa.selenium.TimeoutException: Expected condition failed: waiting for visibility of [[ChromeDriver: chrome on windows (fa3e5429416d96a6a2af67e6123777a8)] -> css selector: [role=dialog]] (tried for 10 second(s) with 500 milliseconds interval)
Build info: version: '4.22.0', revision: 'c5f3146703*'
System info: os.name: 'Windows 11', os.arch: 'amd64', os.version: '10.0', java.version: '21.0.2'
Driver info: org.openqa.selenium.chrome.ChromeDriver
Capabilities {acceptInsecureCerts: false, browserName: chrome, browserVersion: 129.0.6668.90, chrome: {chromedriverVersion: 129.0.6668.100 (cf58cba358d..., userDataDir: C:\Users\prasa\AppData\Loca...}, fedcm:accounts: true, goog:chromeOptions: {debuggerAddress: localhost:63271}, networkConnectionEnabled: false, pageLoadStrategy: normal, platformName: windows, proxy: Proxy(), se:cdp: ws://localhost:63271/devtoo..., se:cdpVersion: 129.0.6668.90, setWindowRect: true, strictFileInteractability: false, timeouts: {implicit: 0, pageLoad: 300000, script: 30000}, unhandledPromptBehavior: dismiss and notify, webauthn:extension:credBlob: true, webauthn:extension:largeBlob: true, webauthn:extension:minPinLength: true, webauthn:extension:prf: true, webauthn:virtualAuthenticators: true}
Session ID: fa3e5429416d96a6a2af67e6123777a8
at org.openqa.selenium.support.ui.WebDriverWait.timeoutException(WebDriverWait.java:84)
at org.openqa.selenium.support.ui.FluentWait.until(FluentWait.java:228)
at com.zenken.frehsers.abstractcomponents.WebDriverUtils.waitUntilElementAppears(WebDriverUtils.java:67)
at com.zenken.freshers.pages.user.EditProjectsPage.waitForGodDamnPopUp(EditProjectsPage.java:288)
at com.zenken.freshers.user.Projects.verifyProjectDeletePopUp(Projects.java:344)
at java.base/jdk.internal.reflect.DirectMethodHandleAccessor.invoke(DirectMethodHandleAccessor.java:103)
at java.base/java.lang.reflect.Method.invoke(Method.java:580)
at org.testng.internal.invokers.MethodInvocationHelper.invokeMethod(MethodInvocationHelper.java:141)
at org.testng.internal.invokers.TestInvoker.invokeMethod(TestInvoker.java:686)
at org.testng.internal.invokers.TestInvoker.retryFailed(TestInvoker.java:269)
at org.testng.internal.invokers.MethodRunner.runInSequence(MethodRunner.java:76)
at org.testng.internal.invokers.TestInvoker$MethodInvocationAgent.invoke(TestInvoker.java:992)
at org.testng.internal.invokers.TestInvoker.invokeTestMethods(TestInvoker.java:203)
at org.testng.internal.invokers.TestMethodWorker.invokeTestMethods(TestMethodWorker.java:154)
at org.testng.internal.invokers.TestMethodWorker.run(TestMethodWorker.java:134)
at java.base/java.util.ArrayList.forEach(ArrayList.java:1596)
at org.testng.TestRunner.privateRun(TestRunner.java:739)
at org.testng.TestRunner.run(TestRunner.java:614)
at org.testng.SuiteRunner.runTest(SuiteRunner.java:421)
at org.testng.SuiteRunner.runSequentially(SuiteRunner.java:413)
at org.testng.SuiteRunner.privateRun(SuiteRunner.java:373)
at org.testng.SuiteRunner.run(SuiteRunner.java:312)
at org.testng.SuiteRunnerWorker.runSuite(SuiteRunnerWorker.java:52)
at org.testng.SuiteRunnerWorker.run(SuiteRunnerWorker.java:95)
at org.testng.TestNG.runSuitesSequentially(TestNG.java:1274)
at org.testng.TestNG.runSuitesLocally(TestNG.java:1208)
at org.testng.TestNG.runSuites(TestNG.java:1112)
at org.testng.TestNG.run(TestNG.java:1079)
at org.testng.remote.AbstractRemoteTestNG.run(AbstractRemoteTestNG.java:115)
at org.testng.remote.RemoteTestNG.initAndRun(RemoteTestNG.java:293)
at org.testng.remote.RemoteTestNG.main(RemoteTestNG.java:91)
]]>
    </error>
  </testcase> <!-- verifyProjectDeletePopUp -->
  <testcase classname="com.zenken.freshers.user.Projects" name="verifyProjectDeletePopUp" time="18.371">
    <skipped/>
  </testcase> <!-- verifyProjectDeletePopUp -->
  <testcase classname="com.zenken.freshers.user.Projects" name="verifyProjectDeletePopUp" time="18.137">
    <skipped/>
  </testcase> <!-- verifyProjectDeletePopUp -->
  <testcase classname="com.zenken.freshers.user.Projects" name="verifyProjectDelete" time="10.708"/>
  <testcase classname="com.zenken.freshers.user.Projects" name="verifyProjectTitleCharExceed" time="12.065"/>
  <testcase classname="com.zenken.freshers.user.Projects" name="verifyBeforeEndDateError" time="10.477"/>
  <testcase classname="com.zenken.freshers.user.Projects" name="verifyProjectDetailsCharExceed" time="11.547"/>
  <testcase classname="com.zenken.freshers.user.Projects" name="verifyInvalidProjectLinkError" time="10.350"/>
  <testcase classname="com.zenken.freshers.user.Projects" name="verifyProjectLinkCharExceed" time="11.343"/>
  <testcase classname="com.zenken.freshers.user.Projects" name="verifyProjectTitleRequired" time="9.759"/>
  <testcase classname="com.zenken.freshers.user.Projects" name="verifyStartMonthRequired" time="9.985"/>
  <testcase classname="com.zenken.freshers.user.Projects" name="verifyStartYearRequired" time="10.221"/>
  <testcase classname="com.zenken.freshers.user.Projects" name="verifyEndMonthRequired" time="10.091"/>
  <testcase classname="com.zenken.freshers.user.Projects" name="verifyEndYearRequired" time="10.743"/>
  <testcase classname="com.zenken.freshers.user.Projects" name="verifyInvalidFileFormat" time="18.192"/>
  <testcase classname="com.zenken.freshers.user.Projects" name="verifyInvalidFileSize" time="12.834"/>
  <testcase classname="com.zenken.freshers.user.Projects" name="verifyProjectCancelNewRed" time="9.401"/>
  <testcase classname="com.zenken.freshers.user.Projects" name="verifyMaxFilesUpload" time="25.928"/>
  <testcase classname="com.zenken.freshers.user.Projects" name="verifyProjectCancelEditRed" time="9.528"/>
</testsuite> <!-- com.zenken.freshers.user.Projects -->
