<?xml version="1.0" encoding="UTF-8"?>
<!-- Generated by org.testng.reporters.JUnitReportReporter -->
<testsuite hostname="Prasanna" failures="0" tests="3" name="com.zenken.freshers.user.JapanesePlacementConsentForm" time="55.063" errors="0" timestamp="2024-11-22T16:02:15 IST" skipped="0">
  <testcase classname="com.zenken.freshers.user.JapanesePlacementConsentForm" name="verifyConsentFormDelete" time="17.293"/>
  <testcase classname="com.zenken.freshers.user.JapanesePlacementConsentForm" name="verifyCFInvalidFileFormat" time="15.053"/>
  <testcase classname="com.zenken.freshers.user.JapanesePlacementConsentForm" name="verifyCFInvalidFileSize" time="22.717"/>
</testsuite> <!-- com.zenken.freshers.user.JapanesePlacementConsentForm -->
