<?xml version="1.0" encoding="UTF-8"?>
<!-- Generated by org.testng.reporters.JUnitReportReporter -->
<testsuite hostname="Prasanna" failures="0" tests="1" name="com.zenken.freshers.user.Photo" time="9.825" errors="0" timestamp="2025-02-25T11:15:34 IST" skipped="0">
  <testcase classname="com.zenken.freshers.user.Photo" name="verifyImageDrag" time="9.825"/>
</testsuite> <!-- com.zenken.freshers.user.Photo -->
