<?xml version="1.0" encoding="UTF-8"?>
<!-- Generated by org.testng.reporters.JUnitReportReporter -->
<testsuite hostname="Prasanna" failures="0" tests="1" name="com.zenken.freshers.user.Jobs" time="7.263" errors="0" timestamp="2024-12-31T15:12:49 IST" skipped="0">
  <testcase classname="com.zenken.freshers.user.Jobs" name="verifyCompaniesUrl" time="7.263"/>
</testsuite> <!-- com.zenken.freshers.user.Jobs -->
