<?xml version="1.0" encoding="UTF-8"?>
<!-- Generated by org.testng.reporters.JUnitReportReporter -->
<testsuite hostname="Prasanna" failures="0" tests="6" name="com.zenken.freshers.user.Companies" time="196.585" errors="0" timestamp="2025-01-28T12:12:32 IST" skipped="0">
  <testcase classname="com.zenken.freshers.user.Companies" name="verifyComUrl" time="8.026"/>
  <testcase classname="com.zenken.freshers.user.Companies" name="verifyComImages" time="127.669"/>
  <testcase classname="com.zenken.freshers.user.Companies" name="verifyCompWebSite" time="13.234"/>
  <testcase classname="com.zenken.freshers.user.Companies" name="verifyComValues" time="33.648"/>
  <testcase classname="com.zenken.freshers.user.Companies" name="verifyComPageTitle" time="5.326"/>
  <testcase classname="com.zenken.freshers.user.Companies" name="verifyComAnchorLink" time="8.682"/>
</testsuite> <!-- com.zenken.freshers.user.Companies -->
