<?xml version="1.0" encoding="UTF-8"?>
<!-- Generated by org.testng.reporters.JUnitReportReporter -->
<testsuite hostname="Prasanna" failures="0" tests="12" name="com.zenken.freshers.user.JobPreferences" time="163.122" errors="0" timestamp="2024-08-21T15:30:06 IST" skipped="0">
  <testcase classname="com.zenken.freshers.user.JobPreferences" name="verifyCharExceedFirstPref" time="13.067"/>
  <testcase classname="com.zenken.freshers.user.JobPreferences" name="verifyJobPreferenceUrl" time="8.972"/>
  <testcase classname="com.zenken.freshers.user.JobPreferences" name="verifyCancelRedirection" time="11.129"/>
  <testcase classname="com.zenken.freshers.user.JobPreferences" name="verifyCharExceedThirdPref" time="12.405"/>
  <testcase classname="com.zenken.freshers.user.JobPreferences" name="verifyPreferencesOtherValue" time="15.430"/>
  <testcase classname="com.zenken.freshers.user.JobPreferences" name="verifyRequiredToApplyTexts" time="16.999"/>
  <testcase classname="com.zenken.freshers.user.JobPreferences" name="verifyPreferencesValues" time="13.941"/>
  <testcase classname="com.zenken.freshers.user.JobPreferences" name="verifyPlaceholders" time="12.109"/>
  <testcase classname="com.zenken.freshers.user.JobPreferences" name="verifyThirdPreferenceStates" time="15.957"/>
  <testcase classname="com.zenken.freshers.user.JobPreferences" name="verifySecondPreferenceStates" time="14.713"/>
  <testcase classname="com.zenken.freshers.user.JobPreferences" name="verifyFirstPreferenceStates" time="16.400"/>
  <testcase classname="com.zenken.freshers.user.JobPreferences" name="verifyCharExceedSecondPref" time="12.000"/>
</testsuite> <!-- com.zenken.freshers.user.JobPreferences -->
