<?xml version="1.0" encoding="UTF-8"?>
<!-- Generated by org.testng.reporters.JUnitReportReporter -->
<testsuite hostname="Prasanna" failures="0" tests="12" name="com.zenken.freshers.user.CommonParts" time="326.443" errors="0" timestamp="2024-11-20T12:55:19 IST" skipped="0">
  <testcase classname="com.zenken.freshers.user.CommonParts" name="verifyHeaderImagePostLogIn" time="36.049"/>
  <testcase classname="com.zenken.freshers.user.CommonParts" name="verifyHeaderImage" time="9.261"/>
  <testcase classname="com.zenken.freshers.user.CommonParts" name="verifyLogOut" time="45.460"/>
  <testcase classname="com.zenken.freshers.user.CommonParts" name="verifyPolicy" time="17.733"/>
  <testcase classname="com.zenken.freshers.user.CommonParts" name="verifyCopyrightMark" time="17.370"/>
  <testcase classname="com.zenken.freshers.user.CommonParts" name="verifyAltText" time="14.392"/>
  <testcase classname="com.zenken.freshers.user.CommonParts" name="verifyDropdown" time="29.448"/>
  <testcase classname="com.zenken.freshers.user.CommonParts" name="verifyProfileClick" time="43.155"/>
  <testcase classname="com.zenken.freshers.user.CommonParts" name="verifyPolicyPostLogIn" time="36.843"/>
  <testcase classname="com.zenken.freshers.user.CommonParts" name="verifyTermsPDFPostLogIn" time="28.433"/>
  <testcase classname="com.zenken.freshers.user.CommonParts" name="verifyAltTextPostLogIn" time="31.858"/>
  <testcase classname="com.zenken.freshers.user.CommonParts" name="verifyTermsPDF" time="16.441"/>
</testsuite> <!-- com.zenken.freshers.user.CommonParts -->
