<?xml version="1.0" encoding="UTF-8"?>
<!-- Generated by org.testng.reporters.JUnitReportReporter -->
<testsuite hostname="Prasanna" failures="0" tests="12" name="com.zenken.freshers.user.JobPreferences" time="182.101" errors="0" timestamp="2024-11-11T17:54:20 IST" skipped="0">
  <testcase classname="com.zenken.freshers.user.JobPreferences" name="verifyFirstPreferenceStates" time="21.219"/>
  <testcase classname="com.zenken.freshers.user.JobPreferences" name="verifyJobPreferenceUrl" time="10.188"/>
  <testcase classname="com.zenken.freshers.user.JobPreferences" name="verifyPlaceholders" time="10.752"/>
  <testcase classname="com.zenken.freshers.user.JobPreferences" name="verifySecondPreferenceStates" time="19.532"/>
  <testcase classname="com.zenken.freshers.user.JobPreferences" name="verifyCharExceedThirdPref" time="13.988"/>
  <testcase classname="com.zenken.freshers.user.JobPreferences" name="verifyPreferencesOtherValue" time="16.486"/>
  <testcase classname="com.zenken.freshers.user.JobPreferences" name="verifyCancelRedirection" time="13.572"/>
  <testcase classname="com.zenken.freshers.user.JobPreferences" name="verifyCharExceedFirstPref" time="14.450"/>
  <testcase classname="com.zenken.freshers.user.JobPreferences" name="verifyThirdPreferenceStates" time="19.582"/>
  <testcase classname="com.zenken.freshers.user.JobPreferences" name="verifyRequiredToApplyTexts" time="15.068"/>
  <testcase classname="com.zenken.freshers.user.JobPreferences" name="verifyCharExceedSecondPref" time="12.029"/>
  <testcase classname="com.zenken.freshers.user.JobPreferences" name="verifyPreferencesValues" time="15.235"/>
</testsuite> <!-- com.zenken.freshers.user.JobPreferences -->
