<?xml version="1.0" encoding="UTF-8"?>
<!-- Generated by org.testng.reporters.JUnitReportReporter -->
<testsuite hostname="Prasanna" failures="0" tests="3" name="com.zenken.freshers.user.Registration" time="15.931" errors="0" timestamp="2024-10-11T17:53:00 IST" skipped="0">
  <testcase classname="com.zenken.freshers.user.Registration" name="verifyTermsPDF" time="5.257"/>
  <testcase classname="com.zenken.freshers.user.Registration" name="verifyIncorrectPassword1" time="7.215"/>
  <testcase classname="com.zenken.freshers.user.Registration" name="verifyLogInUrl" time="3.459"/>
</testsuite> <!-- com.zenken.freshers.user.Registration -->
