<?xml version="1.0" encoding="UTF-8"?>
<!-- Generated by org.testng.reporters.JUnitReportReporter -->
<testsuite hostname="Prasanna" failures="0" tests="1" name="com.zenken.freshers.user.JapanesePlacementConsentForm" time="47.206" errors="0" timestamp="2025-01-21T17:39:57 IST" skipped="0">
  <testcase classname="com.zenken.freshers.user.JapanesePlacementConsentForm" name="verifyCFUploadAndDl" time="47.206"/>
</testsuite> <!-- com.zenken.freshers.user.JapanesePlacementConsentForm -->
