<?xml version="1.0" encoding="UTF-8"?>
<!-- Generated by org.testng.reporters.JUnitReportReporter -->
<testsuite hostname="Prasanna" failures="0" tests="1" name="com.zenken.freshers.user.JapanesePlacementConsentForm" time="14.164" errors="0" timestamp="2024-11-25T12:20:58 IST" skipped="0">
  <testcase classname="com.zenken.freshers.user.JapanesePlacementConsentForm" name="verifyConsentFormDL" time="14.164"/>
</testsuite> <!-- com.zenken.freshers.user.JapanesePlacementConsentForm -->
