<?xml version="1.0" encoding="UTF-8"?>
<!-- Generated by org.testng.reporters.JUnitReportReporter -->
<testsuite hostname="Prasanna" failures="0" tests="3" name="com.zenken.freshers.admin.Sample2" time="5.413" errors="0" timestamp="2024-07-16T15:03:59 IST" skipped="0">
  <testcase classname="com.zenken.freshers.admin.Sample2" name="get" time="3.193"/>
  <testcase classname="com.zenken.freshers.admin.Sample2" name="get2" time="2.161"/>
  <testcase classname="com.zenken.freshers.admin.Sample2" name="get3" time="0.059"/>
</testsuite> <!-- com.zenken.freshers.admin.Sample2 -->
