<?xml version="1.0" encoding="UTF-8"?>
<!-- Generated by org.testng.reporters.JUnitReportReporter -->
<testsuite hostname="Prasanna" failures="0" tests="12" name="com.zenken.freshers.user.CommonParts" time="85.220" errors="0" timestamp="2024-07-09T11:22:51 IST" skipped="0">
  <testcase classname="com.zenken.freshers.user.CommonParts" name="verifyTermsPDFPostLogIn" time="7.908"/>
  <testcase classname="com.zenken.freshers.user.CommonParts" name="verifyHeaderImage" time="3.472"/>
  <testcase classname="com.zenken.freshers.user.CommonParts" name="verifyPolicy" time="5.647"/>
  <testcase classname="com.zenken.freshers.user.CommonParts" name="verifyAltText" time="3.888"/>
  <testcase classname="com.zenken.freshers.user.CommonParts" name="verifyHeaderImagePostLogIn" time="7.604"/>
  <testcase classname="com.zenken.freshers.user.CommonParts" name="verifyTermsPDF" time="4.160"/>
  <testcase classname="com.zenken.freshers.user.CommonParts" name="verifyPolicyPostLogIn" time="9.867"/>
  <testcase classname="com.zenken.freshers.user.CommonParts" name="verifyAltTextPostLogIn" time="7.672"/>
  <testcase classname="com.zenken.freshers.user.CommonParts" name="verifyProfileClick" time="11.702"/>
  <testcase classname="com.zenken.freshers.user.CommonParts" name="verifyLogOut" time="10.874"/>
  <testcase classname="com.zenken.freshers.user.CommonParts" name="verifyDropdown" time="8.968"/>
  <testcase classname="com.zenken.freshers.user.CommonParts" name="verifyCopyrightMark" time="3.458"/>
</testsuite> <!-- com.zenken.freshers.user.CommonParts -->
