<?xml version="1.0" encoding="UTF-8"?>
<!-- Generated by org.testng.reporters.JUnitReportReporter -->
<testsuite hostname="Prasanna" failures="0" tests="18" name="com.zenken.freshers.user.Internships" time="245.830" errors="0" timestamp="2024-09-25T15:26:44 IST" skipped="0">
  <testcase classname="com.zenken.freshers.user.Internships" name="verifyIntNewUrl" time="8.646"/>
  <testcase classname="com.zenken.freshers.user.Internships" name="verifyInternshipPageTitle" time="7.593"/>
  <testcase classname="com.zenken.freshers.user.Internships" name="verifyInternshipPlaceholder" time="9.744"/>
  <testcase classname="com.zenken.freshers.user.Internships" name="verifyEndDateDdDisable" time="10.165"/>
  <testcase classname="com.zenken.freshers.user.Internships" name="verifyInternshipAddition" time="11.349"/>
  <testcase classname="com.zenken.freshers.user.Internships" name="verifyIntAdditionWithDetails" time="18.090"/>
  <testcase classname="com.zenken.freshers.user.Internships" name="verifyIntEditUrl" time="7.544"/>
  <testcase classname="com.zenken.freshers.user.Internships" name="verifyIntSavedData" time="8.414"/>
  <testcase classname="com.zenken.freshers.user.Internships" name="verifyIntCharCount" time="28.411"/>
  <testcase classname="com.zenken.freshers.user.Internships" name="verifyTenIntExceed" time="29.181"/>
  <testcase classname="com.zenken.freshers.user.Internships" name="verifyIntDeletePopUp" time="7.953"/>
  <testcase classname="com.zenken.freshers.user.Internships" name="verifyIntDelete" time="10.701"/>
  <testcase classname="com.zenken.freshers.user.Internships" name="verifyIntDetailsCharExceed" time="15.006"/>
  <testcase classname="com.zenken.freshers.user.Internships" name="verifyEndDateMismatch" time="10.304"/>
  <testcase classname="com.zenken.freshers.user.Internships" name="verifyStartMonthRequired" time="9.532"/>
  <testcase classname="com.zenken.freshers.user.Internships" name="verifyStartYearRequired" time="30.032"/>
  <testcase classname="com.zenken.freshers.user.Internships" name="verifyEndMonthRequired" time="11.965"/>
  <testcase classname="com.zenken.freshers.user.Internships" name="verifyEndYearRequired" time="11.200"/>
</testsuite> <!-- com.zenken.freshers.user.Internships -->
