<?xml version="1.0" encoding="UTF-8"?>
<!-- Generated by org.testng.reporters.JUnitReportReporter -->
<testsuite hostname="Prasanna" failures="0" tests="1" name="com.zenken.freshers.user.TestC" time="13.471" errors="0" timestamp="2024-11-22T12:33:32 IST" skipped="0">
  <testcase classname="com.zenken.freshers.user.TestC" name="tryS" time="13.471"/>
</testsuite> <!-- com.zenken.freshers.user.TestC -->
