<?xml version="1.0" encoding="UTF-8"?>
<!-- Generated by org.testng.reporters.JUnitReportReporter -->
<testsuite hostname="Prasanna" failures="0" tests="1" name="com.zenken.freshers.user.BasicInformation" time="12.370" errors="0" timestamp="2024-08-20T10:58:54 IST" skipped="0">
  <testcase classname="com.zenken.freshers.user.BasicInformation" name="verifyEditUrl" time="12.370"/>
</testsuite> <!-- com.zenken.freshers.user.BasicInformation -->
