<?xml version="1.0" encoding="UTF-8"?>
<!-- Generated by org.testng.reporters.JUnitReportReporter -->
<testsuite hostname="Prasanna" failures="0" tests="13" name="com.zenken.freshers.user.Skills" time="142.474" errors="0" timestamp="2024-09-17T11:17:05 IST" skipped="0">
  <testcase classname="com.zenken.freshers.user.Skills" name="verifySkillRequiredToApply" time="11.107"/>
  <testcase classname="com.zenken.freshers.user.Skills" name="verify100SkillsAddition" time="38.000"/>
  <testcase classname="com.zenken.freshers.user.Skills" name="verifySkillAddition" time="9.099"/>
  <testcase classname="com.zenken.freshers.user.Skills" name="verifySkillDeleteOnEditPage" time="10.256"/>
  <testcase classname="com.zenken.freshers.user.Skills" name="verifySkillDeleteOnPreviewPage" time="11.356"/>
  <testcase classname="com.zenken.freshers.user.Skills" name="verifySkillsUrl" time="7.038"/>
  <testcase classname="com.zenken.freshers.user.Skills" name="verifyEditSkillsPageTitle" time="7.027"/>
  <testcase classname="com.zenken.freshers.user.Skills" name="verifySkillsPlaceholder" time="10.040"/>
  <testcase classname="com.zenken.freshers.user.Skills" name="verifySkillOptionsPopulation" time="7.461"/>
  <testcase classname="com.zenken.freshers.user.Skills" name="verifySkillSelection" time="7.233"/>
  <testcase classname="com.zenken.freshers.user.Skills" name="verifySkillLevelSelection" time="7.372"/>
  <testcase classname="com.zenken.freshers.user.Skills" name="verifySkillsCancel" time="7.841"/>
  <testcase classname="com.zenken.freshers.user.Skills" name="verifySkillLevelRequired" time="8.644"/>
</testsuite> <!-- com.zenken.freshers.user.Skills -->
