<?xml version="1.0" encoding="UTF-8"?>
<!-- Generated by org.testng.reporters.JUnitReportReporter -->
<testsuite hostname="Prasanna" failures="0" tests="1" name="com.zenken.freshers.user.Companies" time="24.419" errors="0" timestamp="2025-01-13T15:21:59 IST" skipped="0">
  <testcase classname="com.zenken.freshers.user.Companies" name="verifyComImages" time="24.419"/>
</testsuite> <!-- com.zenken.freshers.user.Companies -->
