<?xml version="1.0" encoding="UTF-8"?>
<!-- Generated by org.testng.reporters.JUnitReportReporter -->
<testsuite hostname="Prasanna" failures="0" tests="7" name="com.zenken.freshers.company.ApplicantListCsv" time="150.385" errors="0" timestamp="2025-02-18T14:23:00 IST" skipped="0">
  <testcase classname="com.zenken.freshers.company.ApplicantListCsv" name="verifyCsvDlPopup" time="13.364"/>
  <testcase classname="com.zenken.freshers.company.ApplicantListCsv" name="verifyCsvDlLink" time="10.304"/>
  <testcase classname="com.zenken.freshers.company.ApplicantListCsv" name="verifyCsvDl" time="12.741"/>
  <testcase classname="com.zenken.freshers.company.ApplicantListCsv" name="verifyCsvHeader1" time="10.802"/>
  <testcase classname="com.zenken.freshers.company.ApplicantListCsv" name="verifyCsvNoApplicant" time="79.744"/>
  <testcase classname="com.zenken.freshers.company.ApplicantListCsv" name="verifyCsvHeader2" time="12.116"/>
  <testcase classname="com.zenken.freshers.company.ApplicantListCsv" name="verifyCsvValues" time="11.314"/>
</testsuite> <!-- com.zenken.freshers.company.ApplicantListCsv -->
