<?xml version="1.0" encoding="UTF-8"?>
<!-- Generated by org.testng.reporters.JUnitReportReporter -->
<testsuite hostname="Prasanna" failures="0" tests="12" name="com.zenken.freshers.user.CommonParts" time="94.553" errors="0" timestamp="2024-07-08T17:23:44 IST" skipped="0">
  <testcase classname="com.zenken.freshers.user.CommonParts" name="verifyCopyrightMark" time="4.035"/>
  <testcase classname="com.zenken.freshers.user.CommonParts" name="verifyHeaderImagePostLogIn" time="7.967"/>
  <testcase classname="com.zenken.freshers.user.CommonParts" name="verifyTermsPDFPostLogIn" time="10.153"/>
  <testcase classname="com.zenken.freshers.user.CommonParts" name="verifyDropdown" time="10.295"/>
  <testcase classname="com.zenken.freshers.user.CommonParts" name="verifyPolicy" time="6.359"/>
  <testcase classname="com.zenken.freshers.user.CommonParts" name="verifyProfileClick" time="11.161"/>
  <testcase classname="com.zenken.freshers.user.CommonParts" name="verifyAltText" time="4.658"/>
  <testcase classname="com.zenken.freshers.user.CommonParts" name="verifyHeaderImage" time="4.261"/>
  <testcase classname="com.zenken.freshers.user.CommonParts" name="verifyTermsPDF" time="3.775"/>
  <testcase classname="com.zenken.freshers.user.CommonParts" name="verifyPolicyPostLogIn" time="12.247"/>
  <testcase classname="com.zenken.freshers.user.CommonParts" name="verifyAltTextPostLogIn" time="8.184"/>
  <testcase classname="com.zenken.freshers.user.CommonParts" name="verifyLogOut" time="11.458"/>
</testsuite> <!-- com.zenken.freshers.user.CommonParts -->
