<?xml version="1.0" encoding="UTF-8"?>
<!-- Generated by org.testng.reporters.JUnitReportReporter -->
<testsuite hostname="Prasanna" failures="0" tests="1" name="com.zenken.freshers.user.Photo" time="11.624" errors="0" timestamp="2024-12-06T14:44:35 IST" skipped="0">
  <testcase classname="com.zenken.freshers.user.Photo" name="verifyPhotoTitle" time="11.624"/>
</testsuite> <!-- com.zenken.freshers.user.Photo -->
