<?xml version="1.0" encoding="UTF-8"?>
<!-- Generated by org.testng.reporters.JUnitReportReporter -->
<testsuite hostname="Prasanna" failures="1" tests="19" name="com.zenken.freshers.company.CompanyLogin" time="208.672" errors="0" timestamp="2025-01-31T15:23:04 IST" skipped="2">
  <testcase classname="com.zenken.freshers.company.CompanyLogin" name="verifyComInvalidEmail2" time="8.082"/>
  <testcase classname="com.zenken.freshers.company.CompanyLogin" name="verifyComIncorrectPass" time="5.250"/>
  <testcase classname="com.zenken.freshers.company.CompanyLogin" name="verifyComTitle" time="5.076"/>
  <testcase classname="com.zenken.freshers.company.CompanyLogin" name="verifyComInvalidEmail" time="7.162"/>
  <testcase classname="com.zenken.freshers.company.CompanyLogin" name="verifyComBlankEmailAndPass" time="9.586"/>
  <testcase classname="com.zenken.freshers.company.CompanyLogin" name="verifyComBlankEmail" time="5.929"/>
  <testcase classname="com.zenken.freshers.company.CompanyLogin" name="verifyComInvalidEmail3" time="5.559"/>
  <testcase classname="com.zenken.freshers.company.CompanyLogin" name="verifyComPasswordSet" time="13.350"/>
  <testcase classname="com.zenken.freshers.company.CompanyLogin" name="verifyComBlankPassword" time="8.863"/>
  <testcase classname="com.zenken.freshers.company.CompanyLogin" name="verifyComInvalidPasswords" time="13.732"/>
  <testcase classname="com.zenken.freshers.company.CompanyLogin" name="verifyComPasswordChange" time="7.316"/>
  <testcase classname="com.zenken.freshers.company.CompanyLogin" name="verifyAdminPassTextChange" time="15.981">
    <skipped/>
  </testcase> <!-- verifyAdminPassTextChange -->
  <testcase classname="com.zenken.freshers.company.CompanyLogin" name="verifyAdminPassTextChange" time="17.277">
    <failure message="expected [初回パスワード変更済み] but found [初回パスワード変更済]" type="java.lang.AssertionError">
      <![CDATA[java.lang.AssertionError: expected [初回パスワード変更済み] but found [初回パスワード変更済]
at org.testng.Assert.fail(Assert.java:111)
at org.testng.Assert.failNotEquals(Assert.java:1578)
at org.testng.Assert.assertEqualsImpl(Assert.java:150)
at org.testng.Assert.assertEquals(Assert.java:132)
at org.testng.Assert.assertEquals(Assert.java:656)
at org.testng.Assert.assertEquals(Assert.java:666)
at com.zenken.freshers.company.CompanyLogin.verifyAdminPassTextChange(CompanyLogin.java:138)
at java.base/jdk.internal.reflect.DirectMethodHandleAccessor.invoke(DirectMethodHandleAccessor.java:103)
at java.base/java.lang.reflect.Method.invoke(Method.java:580)
at org.testng.internal.invokers.MethodInvocationHelper.invokeMethod(MethodInvocationHelper.java:141)
at org.testng.internal.invokers.TestInvoker.invokeMethod(TestInvoker.java:686)
at org.testng.internal.invokers.TestInvoker.retryFailed(TestInvoker.java:269)
at org.testng.internal.invokers.MethodRunner.runInSequence(MethodRunner.java:76)
at org.testng.internal.invokers.TestInvoker$MethodInvocationAgent.invoke(TestInvoker.java:992)
at org.testng.internal.invokers.TestInvoker.invokeTestMethods(TestInvoker.java:203)
at org.testng.internal.invokers.TestMethodWorker.invokeTestMethods(TestMethodWorker.java:154)
at org.testng.internal.invokers.TestMethodWorker.run(TestMethodWorker.java:134)
at java.base/java.util.concurrent.Executors$RunnableAdapter.call(Executors.java:572)
at java.base/java.util.concurrent.FutureTask.run(FutureTask.java:317)
at org.testng.internal.thread.graph.TestNGFutureTask.run(TestNGFutureTask.java:22)
at java.base/java.util.concurrent.ThreadPoolExecutor.runWorker(ThreadPoolExecutor.java:1144)
at java.base/java.util.concurrent.ThreadPoolExecutor$Worker.run(ThreadPoolExecutor.java:642)
at java.base/java.lang.Thread.run(Thread.java:1583)
]]>
    </failure>
  </testcase> <!-- verifyAdminPassTextChange -->
  <testcase classname="com.zenken.freshers.company.CompanyLogin" name="verifyAdminPassTextChange" time="19.257">
    <skipped/>
  </testcase> <!-- verifyAdminPassTextChange -->
  <testcase classname="com.zenken.freshers.company.CompanyLogin" name="verifyComLogin" time="34.260"/>
  <testcase classname="com.zenken.freshers.company.CompanyLogin" name="verifyComLogout" time="11.431"/>
  <testcase classname="com.zenken.freshers.company.CompanyLogin" name="verifyComForgotPasswordLink" time="3.794"/>
  <testcase classname="com.zenken.freshers.company.CompanyLogin" name="verifyComMailSend" time="8.766"/>
  <testcase classname="com.zenken.freshers.company.CompanyLogin" name="verifyComMailSendAgain" time="8.001"/>
</testsuite> <!-- com.zenken.freshers.company.CompanyLogin -->
