<?xml version="1.0" encoding="UTF-8"?>
<!-- Generated by org.testng.reporters.JUnitReportReporter -->
<testsuite hostname="Prasanna" failures="0" tests="11" name="com.zenken.freshers.user.Photo" time="174.307" errors="0" timestamp="2024-10-25T17:14:35 IST" skipped="0">
  <testcase classname="com.zenken.freshers.user.Photo" name="verifyPhotoUrl" time="9.681"/>
  <testcase classname="com.zenken.freshers.user.Photo" name="verifyPhotoTitle" time="9.806"/>
  <testcase classname="com.zenken.freshers.user.Photo" name="verifyUploadModalDisplay" time="9.523"/>
  <testcase classname="com.zenken.freshers.user.Photo" name="verifyImageResize" time="9.526"/>
  <testcase classname="com.zenken.freshers.user.Photo" name="verifyImageDrag" time="9.780"/>
  <testcase classname="com.zenken.freshers.user.Photo" name="verifyPhotoUpload" time="13.472"/>
  <testcase classname="com.zenken.freshers.user.Photo" name="verifyPhotoImage" time="69.439"/>
  <testcase classname="com.zenken.freshers.user.Photo" name="verifyPhotoChange" time="9.859"/>
  <testcase classname="com.zenken.freshers.user.Photo" name="verifyPhotoDelete" time="12.676"/>
  <testcase classname="com.zenken.freshers.user.Photo" name="verifyPhotoInvalidFile" time="11.878"/>
  <testcase classname="com.zenken.freshers.user.Photo" name="verifyPhotoInvalidSize" time="8.667"/>
</testsuite> <!-- com.zenken.freshers.user.Photo -->
