<?xml version="1.0" encoding="UTF-8"?>
<!-- Generated by org.testng.reporters.JUnitReportReporter -->
<testsuite hostname="Prasanna" failures="0" tests="19" name="com.zenken.freshers.user.JobsApply" time="411.589" errors="0" timestamp="2025-01-24T18:10:51 IST" skipped="0">
  <testcase classname="com.zenken.freshers.user.JobsApply" name="verifyApplyAreaText" time="8.926"/>
  <testcase classname="com.zenken.freshers.user.JobsApply" name="verifyApplicationDeadline" time="32.477"/>
  <testcase classname="com.zenken.freshers.user.JobsApply" name="verifyApplyNotAllowed1" time="15.943"/>
  <testcase classname="com.zenken.freshers.user.JobsApply" name="verifyApplyAreaDisplay" time="22.587"/>
  <testcase classname="com.zenken.freshers.user.JobsApply" name="verifyProfileCompletePopup" time="9.969"/>
  <testcase classname="com.zenken.freshers.user.JobsApply" name="verifyProfilePageURL" time="12.840"/>
  <testcase classname="com.zenken.freshers.user.JobsApply" name="verifyFinalConfPopup1" time="95.153"/>
  <testcase classname="com.zenken.freshers.user.JobsApply" name="verifyJobApplication1" time="18.077"/>
  <testcase classname="com.zenken.freshers.user.JobsApply" name="verifyApplyMailReception1" time="8.674"/>
  <testcase classname="com.zenken.freshers.user.JobsApply" name="verifyApplyNotAllowed2" time="13.511"/>
  <testcase classname="com.zenken.freshers.user.JobsApply" name="verifyApplyFormURL" time="19.430"/>
  <testcase classname="com.zenken.freshers.user.JobsApply" name="verifyApplyFormText" time="15.347"/>
  <testcase classname="com.zenken.freshers.user.JobsApply" name="verifyApplyFormCancel" time="18.056"/>
  <testcase classname="com.zenken.freshers.user.JobsApply" name="verifyApplyFormMandatoryFields" time="21.170"/>
  <testcase classname="com.zenken.freshers.user.JobsApply" name="verifyApplyFormCharExceed" time="23.545"/>
  <testcase classname="com.zenken.freshers.user.JobsApply" name="verifyFinalConfPopup2" time="19.715"/>
  <testcase classname="com.zenken.freshers.user.JobsApply" name="verifyJobApplication2" time="28.800"/>
  <testcase classname="com.zenken.freshers.user.JobsApply" name="verifyApplyMailReception2" time="11.978"/>
  <testcase classname="com.zenken.freshers.user.JobsApply" name="verifyApplyNotAllowed3" time="15.391"/>
</testsuite> <!-- com.zenken.freshers.user.JobsApply -->
