<?xml version="1.0" encoding="UTF-8"?>
<!-- Generated by org.testng.reporters.JUnitReportReporter -->
<testsuite hostname="Prasanna" failures="0" tests="36" name="com.zenken.freshers.user.BasicInformation" time="443.215" errors="0" timestamp="2024-08-14T17:06:43 IST" skipped="0">
  <testcase classname="com.zenken.freshers.user.BasicInformation" name="verifyEmail2Value" time="13.838"/>
  <testcase classname="com.zenken.freshers.user.BasicInformation" name="verifyDobValue" time="12.300"/>
  <testcase classname="com.zenken.freshers.user.BasicInformation" name="verifyFirstNameValue" time="13.145"/>
  <testcase classname="com.zenken.freshers.user.BasicInformation" name="verifyStateValue" time="11.559"/>
  <testcase classname="com.zenken.freshers.user.BasicInformation" name="verifyProceedOtherStates" time="11.545"/>
  <testcase classname="com.zenken.freshers.user.BasicInformation" name="verifyRequiredToApplyTexts" time="10.055"/>
  <testcase classname="com.zenken.freshers.user.BasicInformation" name="verifySavedData" time="8.907"/>
  <testcase classname="com.zenken.freshers.user.BasicInformation" name="verifyProfileUpdate" time="10.970"/>
  <testcase classname="com.zenken.freshers.user.BasicInformation" name="verifyBacklogCountStates" time="8.837"/>
  <testcase classname="com.zenken.freshers.user.BasicInformation" name="verifyEditUrl" time="8.567"/>
  <testcase classname="com.zenken.freshers.user.BasicInformation" name="verifyEmailRequired" time="12.701"/>
  <testcase classname="com.zenken.freshers.user.BasicInformation" name="verifyTextBoxInactiveLastName" time="9.520"/>
  <testcase classname="com.zenken.freshers.user.BasicInformation" name="verifyTitleName" time="8.930"/>
  <testcase classname="com.zenken.freshers.user.BasicInformation" name="verifyYearRequired" time="10.371"/>
  <testcase classname="com.zenken.freshers.user.BasicInformation" name="verifyPhoneValue" time="11.950"/>
  <testcase classname="com.zenken.freshers.user.BasicInformation" name="verifyPinCodeValue" time="11.796"/>
  <testcase classname="com.zenken.freshers.user.BasicInformation" name="verifyCollegeRequired" time="12.163"/>
  <testcase classname="com.zenken.freshers.user.BasicInformation" name="verifyNotSureStates" time="10.915"/>
  <testcase classname="com.zenken.freshers.user.BasicInformation" name="verifyCityValue" time="11.722"/>
  <testcase classname="com.zenken.freshers.user.BasicInformation" name="verifySexValue" time="13.867"/>
  <testcase classname="com.zenken.freshers.user.BasicInformation" name="verifyEmail1Value" time="11.683"/>
  <testcase classname="com.zenken.freshers.user.BasicInformation" name="verifyRedirectionForCancel" time="10.425"/>
  <testcase classname="com.zenken.freshers.user.BasicInformation" name="verifyAddressValue" time="10.752"/>
  <testcase classname="com.zenken.freshers.user.BasicInformation" name="verifyMiddleNameValue" time="11.795"/>
  <testcase classname="com.zenken.freshers.user.BasicInformation" name="verifyNationalityValue" time="12.282"/>
  <testcase classname="com.zenken.freshers.user.BasicInformation" name="verifyOtherMasterStates" time="9.741"/>
  <testcase classname="com.zenken.freshers.user.BasicInformation" name="verifyTimeNotSureValue" time="28.078"/>
  <testcase classname="com.zenken.freshers.user.BasicInformation" name="verifyLastNameValue" time="11.717"/>
  <testcase classname="com.zenken.freshers.user.BasicInformation" name="verifyHobbyValue" time="28.690"/>
  <testcase classname="com.zenken.freshers.user.BasicInformation" name="verifyTimeInJapanValue" time="10.010"/>
  <testcase classname="com.zenken.freshers.user.BasicInformation" name="verifyOtherBachelorStates" time="13.887"/>
  <testcase classname="com.zenken.freshers.user.BasicInformation" name="verifyLastNameRequired" time="12.269"/>
  <testcase classname="com.zenken.freshers.user.BasicInformation" name="verifyUsnRequired" time="12.637"/>
  <testcase classname="com.zenken.freshers.user.BasicInformation" name="verifyFirstNameRequired" time="12.394"/>
  <testcase classname="com.zenken.freshers.user.BasicInformation" name="verifyCountryValue" time="11.787"/>
  <testcase classname="com.zenken.freshers.user.BasicInformation" name="verifyPlaceholders" time="11.410"/>
</testsuite> <!-- com.zenken.freshers.user.BasicInformation -->
