<?xml version="1.0" encoding="UTF-8"?>
<!-- Generated by org.testng.reporters.JUnitReportReporter -->
<testsuite hostname="Prasanna" failures="0" tests="1" name="com.zenken.freshers.user.Registration" time="3.251" errors="0" timestamp="2024-07-17T11:53:18 IST" skipped="0">
  <testcase classname="com.zenken.freshers.user.Registration" name="verifyTexts" time="3.251"/>
</testsuite> <!-- com.zenken.freshers.user.Registration -->
