<?xml version="1.0" encoding="UTF-8"?>
<!-- Generated by org.testng.reporters.JUnitReportReporter -->
<testsuite hostname="Prasanna" failures="0" tests="5" name="com.zenken.freshers.user.Settings" time="65.331" errors="0" timestamp="2024-11-14T16:48:26 IST" skipped="0">
  <testcase classname="com.zenken.freshers.user.Settings" name="verifySettingsTitle" time="11.877"/>
  <testcase classname="com.zenken.freshers.user.Settings" name="verifySetNotSelected" time="16.226"/>
  <testcase classname="com.zenken.freshers.user.Settings" name="verifySettingsUrl" time="11.663"/>
  <testcase classname="com.zenken.freshers.user.Settings" name="verifySetDesTexts" time="11.329"/>
  <testcase classname="com.zenken.freshers.user.Settings" name="verifySetSelected" time="14.236"/>
</testsuite> <!-- com.zenken.freshers.user.Settings -->
