<?xml version="1.0" encoding="UTF-8"?>
<!-- Generated by org.testng.reporters.JUnitReportReporter -->
<testsuite hostname="Prasanna" failures="0" tests="11" name="com.zenken.freshers.user.Photo" time="223.701" errors="0" timestamp="2024-10-30T15:14:10 IST" skipped="0">
  <testcase classname="com.zenken.freshers.user.Photo" name="verifyPhotoUrl" time="13.184"/>
  <testcase classname="com.zenken.freshers.user.Photo" name="verifyPhotoTitle" time="13.339"/>
  <testcase classname="com.zenken.freshers.user.Photo" name="verifyUploadModalDisplay" time="12.584"/>
  <testcase classname="com.zenken.freshers.user.Photo" name="verifyImageResize" time="12.725"/>
  <testcase classname="com.zenken.freshers.user.Photo" name="verifyImageDrag" time="16.880"/>
  <testcase classname="com.zenken.freshers.user.Photo" name="verifyPhotoUpload" time="19.863"/>
  <testcase classname="com.zenken.freshers.user.Photo" name="verifyPhotoImage" time="69.191"/>
  <testcase classname="com.zenken.freshers.user.Photo" name="verifyPhotoChange" time="18.168"/>
  <testcase classname="com.zenken.freshers.user.Photo" name="verifyPhotoDelete" time="21.219"/>
  <testcase classname="com.zenken.freshers.user.Photo" name="verifyPhotoInvalidFile" time="16.417"/>
  <testcase classname="com.zenken.freshers.user.Photo" name="verifyPhotoInvalidSize" time="10.131"/>
</testsuite> <!-- com.zenken.freshers.user.Photo -->
