<?xml version="1.0" encoding="UTF-8"?>
<!-- Generated by org.testng.reporters.JUnitReportReporter -->
<testsuite hostname="Prasanna" failures="0" tests="1" name="com.zenken.freshers.user.CommonParts" time="4.526" errors="0" timestamp="2024-11-20T11:31:59 IST" skipped="0">
  <testcase classname="com.zenken.freshers.user.CommonParts" name="verifyTermsPDF" time="4.526"/>
</testsuite> <!-- com.zenken.freshers.user.CommonParts -->
