<?xml version="1.0" encoding="UTF-8"?>
<!-- Generated by org.testng.reporters.JUnitReportReporter -->
<testsuite hostname="Prasanna" failures="0" tests="11" name="com.zenken.freshers.user.Photo" time="434.502" errors="0" timestamp="2024-11-20T12:55:19 IST" skipped="0">
  <testcase classname="com.zenken.freshers.user.Photo" name="verifyPhotoUrl" time="26.763"/>
  <testcase classname="com.zenken.freshers.user.Photo" name="verifyPhotoTitle" time="39.480"/>
  <testcase classname="com.zenken.freshers.user.Photo" name="verifyUploadModalDisplay" time="42.485"/>
  <testcase classname="com.zenken.freshers.user.Photo" name="verifyImageResize" time="37.920"/>
  <testcase classname="com.zenken.freshers.user.Photo" name="verifyImageDrag" time="36.184"/>
  <testcase classname="com.zenken.freshers.user.Photo" name="verifyPhotoUpload" time="37.350"/>
  <testcase classname="com.zenken.freshers.user.Photo" name="verifyPhotoImage" time="67.962"/>
  <testcase classname="com.zenken.freshers.user.Photo" name="verifyPhotoChange" time="47.346"/>
  <testcase classname="com.zenken.freshers.user.Photo" name="verifyPhotoDelete" time="37.028"/>
  <testcase classname="com.zenken.freshers.user.Photo" name="verifyPhotoInvalidFile" time="40.909"/>
  <testcase classname="com.zenken.freshers.user.Photo" name="verifyPhotoInvalidSize" time="21.075"/>
</testsuite> <!-- com.zenken.freshers.user.Photo -->
