<?xml version="1.0" encoding="UTF-8"?>
<!-- Generated by org.testng.reporters.JUnitReportReporter -->
<testsuite hostname="Prasanna" failures="0" tests="1" name="com.zenken.freshers.user.JapanesePlacementConsentForm" time="11.073" errors="0" timestamp="2024-11-22T13:50:54 IST" skipped="0">
  <testcase classname="com.zenken.freshers.user.JapanesePlacementConsentForm" name="verifyConsentFormDL" time="11.073"/>
</testsuite> <!-- com.zenken.freshers.user.JapanesePlacementConsentForm -->
