<?xml version="1.0" encoding="UTF-8"?>
<!-- Generated by org.testng.reporters.JUnitReportReporter -->
<testsuite hostname="Prasanna" failures="0" tests="1" name="com.zenken.freshers.user.Settings" time="13.099" errors="0" timestamp="2024-11-14T17:23:55 IST" skipped="0">
  <testcase classname="com.zenken.freshers.user.Settings" name="verifySettingsUrl" time="13.099"/>
</testsuite> <!-- com.zenken.freshers.user.Settings -->
