<?xml version="1.0" encoding="UTF-8"?>
<!-- Generated by org.testng.reporters.JUnitReportReporter -->
<testsuite hostname="Prasanna" failures="0" tests="28" name="com.zenken.freshers.user.Login" time="225.502" errors="0" timestamp="2025-01-28T12:12:32 IST" skipped="0">
  <testcase classname="com.zenken.freshers.user.Login" name="verifyInvalidEmail" time="8.343"/>
  <testcase classname="com.zenken.freshers.user.Login" name="verifyEmailRequiredOnForgotPasswordPage" time="7.652"/>
  <testcase classname="com.zenken.freshers.user.Login" name="verifyEmailRequired" time="6.901"/>
  <testcase classname="com.zenken.freshers.user.Login" name="verifyCreateAccountUrl" time="6.401"/>
  <testcase classname="com.zenken.freshers.user.Login" name="verifyForgotPasswordPageHeadline" time="9.438"/>
  <testcase classname="com.zenken.freshers.user.Login" name="verifyInvalidEmailOnForgotPasswordPage" time="10.798"/>
  <testcase classname="com.zenken.freshers.user.Login" name="verifyInvalidToken" time="12.184"/>
  <testcase classname="com.zenken.freshers.user.Login" name="verifyPasswordRequired" time="4.443"/>
  <testcase classname="com.zenken.freshers.user.Login" name="verifyUserLogIn" time="11.603"/>
  <testcase classname="com.zenken.freshers.user.Login" name="verifyInvalidPassword2" time="13.171"/>
  <testcase classname="com.zenken.freshers.user.Login" name="verifyInvalidPassword4" time="7.641"/>
  <testcase classname="com.zenken.freshers.user.Login" name="verifyInvalidPassword3" time="10.352"/>
  <testcase classname="com.zenken.freshers.user.Login" name="verifyInvalidPassword1" time="7.914"/>
  <testcase classname="com.zenken.freshers.user.Login" name="verifyHeadLineText" time="4.383"/>
  <testcase classname="com.zenken.freshers.user.Login" name="verifySamePassword" time="8.612"/>
  <testcase classname="com.zenken.freshers.user.Login" name="verifyCredentialsMismatch" time="10.346"/>
  <testcase classname="com.zenken.freshers.user.Login" name="verifyForgotPasswordUrl" time="10.099"/>
  <testcase classname="com.zenken.freshers.user.Login" name="verifyForgotPasswordPageTitle" time="6.538"/>
  <testcase classname="com.zenken.freshers.user.Login" name="verifyNonExistentEmail" time="6.169"/>
  <testcase classname="com.zenken.freshers.user.Login" name="verifyTitle" time="2.969"/>
  <testcase classname="com.zenken.freshers.user.Login" name="verifyPasswordResetMailSend" time="7.859"/>
  <testcase classname="com.zenken.freshers.user.Login" name="verifySameMailSendWithinMinute" time="9.168"/>
  <testcase classname="com.zenken.freshers.user.Login" name="verifyPasswordResetEmail" time="6.579"/>
  <testcase classname="com.zenken.freshers.user.Login" name="verifyPasswordResetLink" time="8.089"/>
  <testcase classname="com.zenken.freshers.user.Login" name="verifyPasswordReset" time="11.769"/>
  <testcase classname="com.zenken.freshers.user.Login" name="verifyPasswordResetCompleteHeadline" time="5.292"/>
  <testcase classname="com.zenken.freshers.user.Login" name="verifyLogInUrl" time="5.061"/>
  <testcase classname="com.zenken.freshers.user.Login" name="verifyLogInAfterPasswordChange" time="5.728"/>
</testsuite> <!-- com.zenken.freshers.user.Login -->
