<?xml version="1.0" encoding="UTF-8"?>
<!-- Generated by org.testng.reporters.JUnitReportReporter -->
<testsuite hostname="Prasanna" failures="0" tests="1" name="com.zenken.freshers.user.CommonParts" time="10.544" errors="0" timestamp="2024-12-12T10:22:29 IST" skipped="0">
  <testcase classname="com.zenken.freshers.user.CommonParts" name="verifyPolicy" time="10.544"/>
</testsuite> <!-- com.zenken.freshers.user.CommonParts -->
