<?xml version="1.0" encoding="UTF-8"?>
<!-- Generated by org.testng.reporters.JUnitReportReporter -->
<testsuite hostname="Prasanna" failures="0" tests="1" name="com.zenken.freshers.user.BasicInformation" time="14.907" errors="0" timestamp="2024-12-09T17:40:21 IST" skipped="0">
  <testcase classname="com.zenken.freshers.user.BasicInformation" name="verifyPlaceholders" time="14.907"/>
</testsuite> <!-- com.zenken.freshers.user.BasicInformation -->
