<?xml version="1.0" encoding="UTF-8"?>
<!-- Generated by org.testng.reporters.JUnitReportReporter -->
<testsuite hostname="Prasanna" failures="0" tests="4" name="com.zenken.freshers.user.Login" time="34.955" errors="0" timestamp="2024-11-14T10:34:44 IST" skipped="0">
  <testcase classname="com.zenken.freshers.user.Login" name="verifyTitle" time="7.788"/>
  <testcase classname="com.zenken.freshers.user.Login" name="verifyHeadLineText" time="6.229"/>
  <testcase classname="com.zenken.freshers.user.Login" name="verifyUserLogIn" time="11.851"/>
  <testcase classname="com.zenken.freshers.user.Login" name="verifyInvalidEmail" time="9.087"/>
</testsuite> <!-- com.zenken.freshers.user.Login -->
