<?xml version="1.0" encoding="UTF-8"?>
<!-- Generated by org.testng.reporters.JUnitReportReporter -->
<testsuite hostname="Prasanna" failures="0" tests="1" name="com.zenken.freshers.user.Login" time="6.261" errors="0" timestamp="2025-01-29T15:12:38 IST" skipped="0">
  <testcase classname="com.zenken.freshers.user.Login" name="verifyHeadLineText" time="6.261"/>
</testsuite> <!-- com.zenken.freshers.user.Login -->
