<?xml version="1.0" encoding="UTF-8"?>
<!-- Generated by org.testng.reporters.JUnitReportReporter -->
<testsuite hostname="Prasanna" failures="0" tests="28" name="com.zenken.freshers.user.Login" time="145.066" errors="0" timestamp="2024-07-18T16:23:36 IST" skipped="0">
  <testcase classname="com.zenken.freshers.user.Login" name="verifyCredentialsMismatch" time="5.281"/>
  <testcase classname="com.zenken.freshers.user.Login" name="verifyCreateAccountUrl" time="3.512"/>
  <testcase classname="com.zenken.freshers.user.Login" name="verifyEmailRequiredOnForgotPasswordPage" time="5.035"/>
  <testcase classname="com.zenken.freshers.user.Login" name="verifyForgotPasswordPageHeadline" time="3.909"/>
  <testcase classname="com.zenken.freshers.user.Login" name="verifyPasswordRequired" time="4.396"/>
  <testcase classname="com.zenken.freshers.user.Login" name="verifyEmailRequired" time="4.167"/>
  <testcase classname="com.zenken.freshers.user.Login" name="verifyHeadLineText" time="4.806"/>
  <testcase classname="com.zenken.freshers.user.Login" name="verifyInvalidEmailOnForgotPasswordPage" time="6.532"/>
  <testcase classname="com.zenken.freshers.user.Login" name="verifyForgotPasswordPageTitle" time="4.582"/>
  <testcase classname="com.zenken.freshers.user.Login" name="verifyInvalidTokenOnResetPasswordPage" time="6.453"/>
  <testcase classname="com.zenken.freshers.user.Login" name="verifyInvalidPassword1OnResetPasswordPage" time="7.541"/>
  <testcase classname="com.zenken.freshers.user.Login" name="verifyUserLogIn" time="6.025"/>
  <testcase classname="com.zenken.freshers.user.Login" name="verifyNonExistentEmailOnForgotPasswordPage" time="7.000"/>
  <testcase classname="com.zenken.freshers.user.Login" name="verifyInvalidPassword2OnResetPasswordPage" time="7.315"/>
  <testcase classname="com.zenken.freshers.user.Login" name="verifySamePasswordOnResetPasswordPage" time="5.595"/>
  <testcase classname="com.zenken.freshers.user.Login" name="verifyInvalidPassword3OnResetPasswordPage" time="5.868"/>
  <testcase classname="com.zenken.freshers.user.Login" name="verifyInvalidPassword4OnResetPasswordPage" time="7.766"/>
  <testcase classname="com.zenken.freshers.user.Login" name="verifyForgotPasswordUrl" time="3.541"/>
  <testcase classname="com.zenken.freshers.user.Login" name="verifyInvalidEmail" time="5.089"/>
  <testcase classname="com.zenken.freshers.user.Login" name="verifyTitle" time="4.644"/>
  <testcase classname="com.zenken.freshers.user.Login" name="verifyPasswordResetMailSend" time="5.363"/>
  <testcase classname="com.zenken.freshers.user.Login" name="verifySameMailSendWithinMinute" time="3.494"/>
  <testcase classname="com.zenken.freshers.user.Login" name="verifyPasswordResetEmail" time="5.159"/>
  <testcase classname="com.zenken.freshers.user.Login" name="verifyPasswordResetLink" time="4.672"/>
  <testcase classname="com.zenken.freshers.user.Login" name="verifyPasswordReset" time="6.655"/>
  <testcase classname="com.zenken.freshers.user.Login" name="verifyPasswordResetCompleteHeadline" time="2.734"/>
  <testcase classname="com.zenken.freshers.user.Login" name="verifyLogInUrl" time="2.379"/>
  <testcase classname="com.zenken.freshers.user.Login" name="verifyLogInAfterPasswordChange" time="5.553"/>
</testsuite> <!-- com.zenken.freshers.user.Login -->
