<?xml version="1.0" encoding="UTF-8"?>
<!-- Generated by org.testng.reporters.JUnitReportReporter -->
<testsuite hostname="Prasanna" failures="0" tests="3" name="com.zenken.freshers.user.Login" time="16.985" errors="0" timestamp="2025-01-30T10:33:05 IST" skipped="0">
  <testcase classname="com.zenken.freshers.user.Login" name="verifyEmailRequired" time="4.744"/>
  <testcase classname="com.zenken.freshers.user.Login" name="verifyInvalidEmail" time="6.951"/>
  <testcase classname="com.zenken.freshers.user.Login" name="verifyNonExistentEmail" time="5.290"/>
</testsuite> <!-- com.zenken.freshers.user.Login -->
