<?xml version="1.0" encoding="UTF-8"?>
<!-- Generated by org.testng.reporters.JUnitReportReporter -->
<testsuite hostname="Prasanna" failures="0" tests="1" name="com.zenken.freshers.user.Login" time="5.269" errors="0" timestamp="2024-11-26T14:25:15 IST" skipped="0">
  <testcase classname="com.zenken.freshers.user.Login" name="verifyTitle" time="5.269"/>
</testsuite> <!-- com.zenken.freshers.user.Login -->
