<?xml version="1.0" encoding="UTF-8"?>
<!-- Generated by org.testng.reporters.JUnitReportReporter -->
<testsuite hostname="Prasanna" failures="0" tests="7" name="com.zenken.freshers.company.ApplicantListCsv" time="129.727" errors="0" timestamp="2025-02-10T17:08:28 IST" skipped="0">
  <testcase classname="com.zenken.freshers.company.ApplicantListCsv" name="verifyCsvDlPopup" time="70.976"/>
  <testcase classname="com.zenken.freshers.company.ApplicantListCsv" name="verifyCsvDlLink" time="10.605"/>
  <testcase classname="com.zenken.freshers.company.ApplicantListCsv" name="verifyCsvDl" time="11.723"/>
  <testcase classname="com.zenken.freshers.company.ApplicantListCsv" name="verifyCsvHeader1" time="7.985"/>
  <testcase classname="com.zenken.freshers.company.ApplicantListCsv" name="verifyCsvNoApplicant" time="8.248"/>
  <testcase classname="com.zenken.freshers.company.ApplicantListCsv" name="verifyCsvHeader2" time="10.390"/>
  <testcase classname="com.zenken.freshers.company.ApplicantListCsv" name="verifyCsvValues" time="9.800"/>
</testsuite> <!-- com.zenken.freshers.company.ApplicantListCsv -->
