<?xml version="1.0" encoding="UTF-8"?>
<!-- Generated by org.testng.reporters.JUnitReportReporter -->
<testsuite hostname="Prasanna" failures="0" tests="5" name="com.zenken.freshers.user.Settings" time="104.969" errors="0" timestamp="2024-11-26T15:05:00 IST" skipped="0">
  <testcase classname="com.zenken.freshers.user.Settings" name="verifySettingsUrl" time="15.594"/>
  <testcase classname="com.zenken.freshers.user.Settings" name="verifySetSelected" time="22.448"/>
  <testcase classname="com.zenken.freshers.user.Settings" name="verifySettingsTitle" time="24.313"/>
  <testcase classname="com.zenken.freshers.user.Settings" name="verifySetDesTexts" time="21.205"/>
  <testcase classname="com.zenken.freshers.user.Settings" name="verifySetNotSelected" time="21.409"/>
</testsuite> <!-- com.zenken.freshers.user.Settings -->
