<?xml version="1.0" encoding="UTF-8"?>
<!-- Generated by org.testng.reporters.JUnitReportReporter -->
<testsuite hostname="Prasanna" failures="0" tests="1" name="com.zenken.freshers.user.Settings" time="10.854" errors="0" timestamp="2024-11-14T12:01:22 IST" skipped="0">
  <testcase classname="com.zenken.freshers.user.Settings" name="verifySettingsUrl" time="10.854"/>
</testsuite> <!-- com.zenken.freshers.user.Settings -->
