<?xml version="1.0" encoding="UTF-8"?>
<!-- Generated by org.testng.reporters.JUnitReportReporter -->
<testsuite hostname="Prasanna" failures="0" tests="1" name="com.zenken.freshers.user.Skills" time="31.010" errors="0" timestamp="2024-09-24T11:35:25 IST" skipped="0">
  <testcase classname="com.zenken.freshers.user.Skills" name="verify100SkillsAddition" time="31.010"/>
</testsuite> <!-- com.zenken.freshers.user.Skills -->
