<?xml version="1.0" encoding="UTF-8"?>
<!-- Generated by org.testng.reporters.JUnitReportReporter -->
<testsuite hostname="Prasanna" failures="0" tests="8" name="com.zenken.freshers.user.Jobs" time="94.266" errors="0" timestamp="2025-01-28T12:12:32 IST" skipped="0">
  <testcase classname="com.zenken.freshers.user.Jobs" name="verifyJobDetailAnchor" time="6.559"/>
  <testcase classname="com.zenken.freshers.user.Jobs" name="verifyCondtionsAnchor" time="7.423"/>
  <testcase classname="com.zenken.freshers.user.Jobs" name="verifyCompanyOverviewAnchor" time="6.623"/>
  <testcase classname="com.zenken.freshers.user.Jobs" name="verifyJobsPageTitle" time="5.753"/>
  <testcase classname="com.zenken.freshers.user.Jobs" name="verifyJobsUrl" time="5.372"/>
  <testcase classname="com.zenken.freshers.user.Jobs" name="verifyJobsValues" time="7.466"/>
  <testcase classname="com.zenken.freshers.user.Jobs" name="verifyJobsWarningText" time="46.189"/>
  <testcase classname="com.zenken.freshers.user.Jobs" name="verifyJobsCompaniesUrl" time="8.881"/>
</testsuite> <!-- com.zenken.freshers.user.Jobs -->
