<?xml version="1.0" encoding="UTF-8"?>
<!-- Generated by org.testng.reporters.JUnitReportReporter -->
<testsuite hostname="Prasanna" failures="0" tests="37" name="com.zenken.freshers.user.Registration" time="375.196" errors="0" timestamp="2025-01-28T12:12:32 IST" skipped="0">
  <testcase classname="com.zenken.freshers.user.Registration" name="verifyIncorrectPassword1" time="7.408"/>
  <testcase classname="com.zenken.freshers.user.Registration" name="verifyUSNRequired" time="9.395"/>
  <testcase classname="com.zenken.freshers.user.Registration" name="verifyCollegeRequired" time="12.375"/>
  <testcase classname="com.zenken.freshers.user.Registration" name="verifyPasswordRequired" time="17.444"/>
  <testcase classname="com.zenken.freshers.user.Registration" name="verifyIncorrectPassword2" time="11.528"/>
  <testcase classname="com.zenken.freshers.user.Registration" name="verifyTermsAgreementRequired" time="16.225"/>
  <testcase classname="com.zenken.freshers.user.Registration" name="verifyTitle" time="7.294"/>
  <testcase classname="com.zenken.freshers.user.Registration" name="verifyInterestRequired" time="13.297"/>
  <testcase classname="com.zenken.freshers.user.Registration" name="verifyInvalidEmail" time="13.823"/>
  <testcase classname="com.zenken.freshers.user.Registration" name="verifyTexts" time="3.958"/>
  <testcase classname="com.zenken.freshers.user.Registration" name="verifyLogInUrl" time="8.659"/>
  <testcase classname="com.zenken.freshers.user.Registration" name="verifyCheckBoxState" time="6.903"/>
  <testcase classname="com.zenken.freshers.user.Registration" name="verifyPlaceholders" time="3.905"/>
  <testcase classname="com.zenken.freshers.user.Registration" name="verifyLastNameRequired" time="12.890"/>
  <testcase classname="com.zenken.freshers.user.Registration" name="verifyFirstNameRequired" time="11.462"/>
  <testcase classname="com.zenken.freshers.user.Registration" name="verifyCharExceedMiddleName" time="12.404"/>
  <testcase classname="com.zenken.freshers.user.Registration" name="verifyEmailRequired" time="12.872"/>
  <testcase classname="com.zenken.freshers.user.Registration" name="verifyYearSelect" time="5.833"/>
  <testcase classname="com.zenken.freshers.user.Registration" name="verifyIncorrectPassword3" time="13.782"/>
  <testcase classname="com.zenken.freshers.user.Registration" name="verifyCharExceedLastName" time="7.830"/>
  <testcase classname="com.zenken.freshers.user.Registration" name="verifyInvalidUsn" time="14.093"/>
  <testcase classname="com.zenken.freshers.user.Registration" name="verifyYearRequired" time="10.294"/>
  <testcase classname="com.zenken.freshers.user.Registration" name="verifyUsedEmail" time="13.137"/>
  <testcase classname="com.zenken.freshers.user.Registration" name="verifyCollegeSelect" time="9.401"/>
  <testcase classname="com.zenken.freshers.user.Registration" name="verifyPolicy" time="8.009"/>
  <testcase classname="com.zenken.freshers.user.Registration" name="verifyIncorrectPassword4" time="13.173"/>
  <testcase classname="com.zenken.freshers.user.Registration" name="verifyTermsPDF" time="6.992"/>
  <testcase classname="com.zenken.freshers.user.Registration" name="verifyRadioSelect" time="5.760"/>
  <testcase classname="com.zenken.freshers.user.Registration" name="verifyCharExceedUsn" time="15.764"/>
  <testcase classname="com.zenken.freshers.user.Registration" name="verifyTextBoxDisable" time="3.918"/>
  <testcase classname="com.zenken.freshers.user.Registration" name="verifyCharExceedFirstName" time="15.206"/>
  <testcase classname="com.zenken.freshers.user.Registration" name="verifyUserRegistration" time="16.277"/>
  <testcase classname="com.zenken.freshers.user.Registration" name="verifyEmail" time="7.581"/>
  <testcase classname="com.zenken.freshers.user.Registration" name="verifyEmailPageTitle" time="4.541"/>
  <testcase classname="com.zenken.freshers.user.Registration" name="verifyEmailAddress" time="4.163"/>
  <testcase classname="com.zenken.freshers.user.Registration" name="verifyEmailResend" time="5.979"/>
  <testcase classname="com.zenken.freshers.user.Registration" name="verifyEmailVerificationLink" time="11.621"/>
</testsuite> <!-- com.zenken.freshers.user.Registration -->
