<?xml version="1.0" encoding="UTF-8"?>
<!-- Generated by org.testng.reporters.JUnitReportReporter -->
<testsuite hostname="Prasanna" failures="0" tests="8" name="com.zenken.freshers.user.Login" time="40.037" errors="0" timestamp="2024-08-30T10:57:31 IST" skipped="0">
  <testcase classname="com.zenken.freshers.user.Login" name="verifyPasswordResetMailSend" time="6.324"/>
  <testcase classname="com.zenken.freshers.user.Login" name="verifySameMailSendWithinMinute" time="2.470"/>
  <testcase classname="com.zenken.freshers.user.Login" name="verifyPasswordResetEmail" time="4.812"/>
  <testcase classname="com.zenken.freshers.user.Login" name="verifyPasswordResetLink" time="3.731"/>
  <testcase classname="com.zenken.freshers.user.Login" name="verifyPasswordReset" time="10.431"/>
  <testcase classname="com.zenken.freshers.user.Login" name="verifyPasswordResetCompleteHeadline" time="3.876"/>
  <testcase classname="com.zenken.freshers.user.Login" name="verifyLogInUrl" time="4.690"/>
  <testcase classname="com.zenken.freshers.user.Login" name="verifyLogInAfterPasswordChange" time="3.703"/>
</testsuite> <!-- com.zenken.freshers.user.Login -->
