<?xml version="1.0" encoding="UTF-8"?>
<!-- Generated by org.testng.reporters.JUnitReportReporter -->
<testsuite hostname="Prasanna" failures="0" tests="12" name="com.zenken.freshers.user.Photo" time="238.001" errors="0" timestamp="2024-11-26T15:05:00 IST" skipped="1">
  <testcase classname="com.zenken.freshers.user.Photo" name="verifyPhotoUrl" time="14.417"/>
  <testcase classname="com.zenken.freshers.user.Photo" name="verifyPhotoTitle" time="13.043"/>
  <testcase classname="com.zenken.freshers.user.Photo" name="verifyUploadModalDisplay" time="19.386"/>
  <testcase classname="com.zenken.freshers.user.Photo" name="verifyImageResize" time="10.618"/>
  <testcase classname="com.zenken.freshers.user.Photo" name="verifyImageResize" time="19.740">
    <skipped/>
  </testcase> <!-- verifyImageResize -->
  <testcase classname="com.zenken.freshers.user.Photo" name="verifyImageDrag" time="14.702"/>
  <testcase classname="com.zenken.freshers.user.Photo" name="verifyPhotoUpload" time="15.367"/>
  <testcase classname="com.zenken.freshers.user.Photo" name="verifyPhotoImage" time="72.351"/>
  <testcase classname="com.zenken.freshers.user.Photo" name="verifyPhotoChange" time="11.076"/>
  <testcase classname="com.zenken.freshers.user.Photo" name="verifyPhotoDelete" time="20.835"/>
  <testcase classname="com.zenken.freshers.user.Photo" name="verifyPhotoInvalidFile" time="14.110"/>
  <testcase classname="com.zenken.freshers.user.Photo" name="verifyPhotoInvalidSize" time="12.356"/>
</testsuite> <!-- com.zenken.freshers.user.Photo -->
