<?xml version="1.0" encoding="UTF-8"?>
<!-- Generated by org.testng.reporters.JUnitReportReporter -->
<testsuite hostname="Prasanna" failures="0" tests="11" name="com.zenken.freshers.user.JapanesePlacementConsentForm" time="142.944" errors="0" timestamp="2024-10-23T14:38:37 IST" skipped="0">
  <testcase classname="com.zenken.freshers.user.JapanesePlacementConsentForm" name="verifyConsentFormUrl" time="8.630"/>
  <testcase classname="com.zenken.freshers.user.JapanesePlacementConsentForm" name="verifyConsentFormTitle" time="7.744"/>
  <testcase classname="com.zenken.freshers.user.JapanesePlacementConsentForm" name="verifyIsCFSaved" time="10.523"/>
  <testcase classname="com.zenken.freshers.user.JapanesePlacementConsentForm" name="verifyConsentFormDL" time="9.418"/>
  <testcase classname="com.zenken.freshers.user.JapanesePlacementConsentForm" name="verifyCFUploadAndDl" time="39.675"/>
  <testcase classname="com.zenken.freshers.user.JapanesePlacementConsentForm" name="verifyConsentFormDelete" time="11.346"/>
  <testcase classname="com.zenken.freshers.user.JapanesePlacementConsentForm" name="verifyCFReqToApply" time="8.351"/>
  <testcase classname="com.zenken.freshers.user.JapanesePlacementConsentForm" name="verifyAgreeCBReqToSave" time="10.111"/>
  <testcase classname="com.zenken.freshers.user.JapanesePlacementConsentForm" name="verifyCFInvalidFileFormat" time="13.108"/>
  <testcase classname="com.zenken.freshers.user.JapanesePlacementConsentForm" name="verifyCFInvalidFileSize" time="14.373"/>
  <testcase classname="com.zenken.freshers.user.JapanesePlacementConsentForm" name="verifyCFCancelRed" time="9.665"/>
</testsuite> <!-- com.zenken.freshers.user.JapanesePlacementConsentForm -->
