<?xml version="1.0" encoding="UTF-8"?>
<!-- Generated by org.testng.reporters.JUnitReportReporter -->
<testsuite hostname="Prasanna" failures="0" tests="5" name="com.zenken.freshers.user.Settings" time="236.831" errors="0" timestamp="2024-11-20T12:55:19 IST" skipped="0">
  <testcase classname="com.zenken.freshers.user.Settings" name="verifySettingsTitle" time="39.705"/>
  <testcase classname="com.zenken.freshers.user.Settings" name="verifySetNotSelected" time="54.429"/>
  <testcase classname="com.zenken.freshers.user.Settings" name="verifySetDesTexts" time="38.831"/>
  <testcase classname="com.zenken.freshers.user.Settings" name="verifySettingsUrl" time="42.079"/>
  <testcase classname="com.zenken.freshers.user.Settings" name="verifySetSelected" time="61.787"/>
</testsuite> <!-- com.zenken.freshers.user.Settings -->
