<?xml version="1.0" encoding="UTF-8"?>
<!-- Generated by org.testng.reporters.JUnitReportReporter -->
<testsuite hostname="Prasanna" failures="0" tests="12" name="com.zenken.freshers.user.CommonParts" time="95.217" errors="0" timestamp="2024-07-19T12:31:55 IST" skipped="0">
  <testcase classname="com.zenken.freshers.user.CommonParts" name="verifyProfileClick" time="10.584"/>
  <testcase classname="com.zenken.freshers.user.CommonParts" name="verifyLogOut" time="10.916"/>
  <testcase classname="com.zenken.freshers.user.CommonParts" name="verifyTermsPDF" time="4.267"/>
  <testcase classname="com.zenken.freshers.user.CommonParts" name="verifyDropdown" time="7.998"/>
  <testcase classname="com.zenken.freshers.user.CommonParts" name="verifyPolicyPostLogIn" time="10.801"/>
  <testcase classname="com.zenken.freshers.user.CommonParts" name="verifyAltTextPostLogIn" time="8.621"/>
  <testcase classname="com.zenken.freshers.user.CommonParts" name="verifyAltText" time="6.876"/>
  <testcase classname="com.zenken.freshers.user.CommonParts" name="verifyHeaderImage" time="5.390"/>
  <testcase classname="com.zenken.freshers.user.CommonParts" name="verifyCopyrightMark" time="4.825"/>
  <testcase classname="com.zenken.freshers.user.CommonParts" name="verifyPolicy" time="7.940"/>
  <testcase classname="com.zenken.freshers.user.CommonParts" name="verifyHeaderImagePostLogIn" time="8.460"/>
  <testcase classname="com.zenken.freshers.user.CommonParts" name="verifyTermsPDFPostLogIn" time="8.539"/>
</testsuite> <!-- com.zenken.freshers.user.CommonParts -->
