<?xml version="1.0" encoding="UTF-8"?>
<!-- Generated by org.testng.reporters.JUnitReportReporter -->
<testsuite hostname="Prasanna" failures="1" tests="19" name="com.zenken.freshers.user.FieldOfStudy" time="228.053" errors="1" timestamp="2024-09-10T17:40:46 IST" skipped="1">
  <testcase classname="com.zenken.freshers.user.FieldOfStudy" name="verifyResearchRequired" time="11.160"/>
  <testcase classname="com.zenken.freshers.user.FieldOfStudy" name="verifyITOtherFieldRequired" time="12.572"/>
  <testcase classname="com.zenken.freshers.user.FieldOfStudy" name="verifyCoreOtherCharExceedError" time="12.664"/>
  <testcase classname="com.zenken.freshers.user.FieldOfStudy" name="verifyITOtherTextBoxStates" time="11.904"/>
  <testcase classname="com.zenken.freshers.user.FieldOfStudy" name="verifyITOptionSelection" time="20.738">
    <error message="class java.lang.Long cannot be cast to class java.lang.Double (java.lang.Long and java.lang.Double are in module java.base of loader &#039;bootstrap&#039;)" type="java.lang.ClassCastException">
      <![CDATA[java.lang.ClassCastException: class java.lang.Long cannot be cast to class java.lang.Double (java.lang.Long and java.lang.Double are in module java.base of loader 'bootstrap')
at com.zenken.freshers.testcomponents.BaseTest.waitForScrollToComplete(BaseTest.java:79)
at com.zenken.freshers.testcomponents.Listeners.onTestFailure(Listeners.java:46)
at org.testng.internal.TestListenerHelper.runTestListeners(TestListenerHelper.java:115)
at org.testng.internal.invokers.TestInvoker.runTestResultListener(TestInvoker.java:285)
at org.testng.internal.invokers.TestInvoker.invokeMethod(TestInvoker.java:774)
at org.testng.internal.invokers.TestInvoker.invokeTestMethod(TestInvoker.java:230)
at org.testng.internal.invokers.MethodRunner.runInSequence(MethodRunner.java:63)
at org.testng.internal.invokers.TestInvoker$MethodInvocationAgent.invoke(TestInvoker.java:992)
at org.testng.internal.invokers.TestInvoker.invokeTestMethods(TestInvoker.java:203)
at org.testng.internal.invokers.TestMethodWorker.invokeTestMethods(TestMethodWorker.java:154)
at org.testng.internal.invokers.TestMethodWorker.run(TestMethodWorker.java:134)
at java.base/java.util.ArrayList.forEach(ArrayList.java:1596)
at org.testng.TestRunner.privateRun(TestRunner.java:739)
at org.testng.TestRunner.run(TestRunner.java:614)
at org.testng.SuiteRunner.runTest(SuiteRunner.java:421)
at org.testng.SuiteRunner.runSequentially(SuiteRunner.java:413)
at org.testng.SuiteRunner.privateRun(SuiteRunner.java:373)
at org.testng.SuiteRunner.run(SuiteRunner.java:312)
at org.testng.SuiteRunnerWorker.runSuite(SuiteRunnerWorker.java:52)
at org.testng.SuiteRunnerWorker.run(SuiteRunnerWorker.java:95)
at org.testng.TestNG.runSuitesSequentially(TestNG.java:1274)
at org.testng.TestNG.runSuitesLocally(TestNG.java:1208)
at org.testng.TestNG.runSuites(TestNG.java:1112)
at org.testng.TestNG.run(TestNG.java:1079)
at org.testng.remote.AbstractRemoteTestNG.run(AbstractRemoteTestNG.java:115)
at org.testng.remote.RemoteTestNG.initAndRun(RemoteTestNG.java:293)
at org.testng.remote.RemoteTestNG.main(RemoteTestNG.java:91)
]]>
    </error>
  </testcase> <!-- verifyITOptionSelection -->
  <testcase classname="com.zenken.freshers.user.FieldOfStudy" name="verifyCoreOtherField" time="23.711"/>
  <testcase classname="com.zenken.freshers.user.FieldOfStudy" name="verifyCoreOtherPlaceholder" time="9.526"/>
  <testcase classname="com.zenken.freshers.user.FieldOfStudy" name="verifyITOptions" time="11.186"/>
  <testcase classname="com.zenken.freshers.user.FieldOfStudy" name="verifyITOtherCharExceedError" time="13.096"/>
  <testcase classname="com.zenken.freshers.user.FieldOfStudy" name="verifyCoreOtherFieldRequired" time="12.349"/>
  <testcase classname="com.zenken.freshers.user.FieldOfStudy" name="verifyCancelRedirection" time="12.046"/>
  <testcase classname="com.zenken.freshers.user.FieldOfStudy" name="verifyCoreOptions" time="9.203"/>
  <testcase classname="com.zenken.freshers.user.FieldOfStudy" name="verifyCoreOtherTextBoxStates" time="9.127"/>
  <testcase classname="com.zenken.freshers.user.FieldOfStudy" name="verifyITOtherPlaceholder" time="10.940"/>
  <testcase classname="com.zenken.freshers.user.FieldOfStudy" name="verifyFieldOfStudyUrl" time="10.026"/>
  <testcase classname="com.zenken.freshers.user.FieldOfStudy" name="verifyITOtherField" time="12.978">
    <failure message="expected [true] but found [false]" type="java.lang.AssertionError">
      <![CDATA[java.lang.AssertionError: expected [true] but found [false]
at org.testng.Assert.fail(Assert.java:111)
at org.testng.Assert.failNotEquals(Assert.java:1578)
at org.testng.Assert.assertTrue(Assert.java:57)
at org.testng.Assert.assertTrue(Assert.java:67)
at com.zenken.freshers.user.FieldOfStudy.verifyITOtherField(FieldOfStudy.java:189)
at java.base/jdk.internal.reflect.DirectMethodHandleAccessor.invoke(DirectMethodHandleAccessor.java:103)
at java.base/java.lang.reflect.Method.invoke(Method.java:580)
at org.testng.internal.invokers.MethodInvocationHelper.invokeMethod(MethodInvocationHelper.java:141)
at org.testng.internal.invokers.TestInvoker.invokeMethod(TestInvoker.java:686)
at org.testng.internal.invokers.TestInvoker.invokeTestMethod(TestInvoker.java:230)
at org.testng.internal.invokers.MethodRunner.runInSequence(MethodRunner.java:63)
at org.testng.internal.invokers.TestInvoker$MethodInvocationAgent.invoke(TestInvoker.java:992)
at org.testng.internal.invokers.TestInvoker.invokeTestMethods(TestInvoker.java:203)
at org.testng.internal.invokers.TestMethodWorker.invokeTestMethods(TestMethodWorker.java:154)
at org.testng.internal.invokers.TestMethodWorker.run(TestMethodWorker.java:134)
at java.base/java.util.ArrayList.forEach(ArrayList.java:1596)
at org.testng.TestRunner.privateRun(TestRunner.java:739)
at org.testng.TestRunner.run(TestRunner.java:614)
at org.testng.SuiteRunner.runTest(SuiteRunner.java:421)
at org.testng.SuiteRunner.runSequentially(SuiteRunner.java:413)
at org.testng.SuiteRunner.privateRun(SuiteRunner.java:373)
at org.testng.SuiteRunner.run(SuiteRunner.java:312)
at org.testng.SuiteRunnerWorker.runSuite(SuiteRunnerWorker.java:52)
at org.testng.SuiteRunnerWorker.run(SuiteRunnerWorker.java:95)
at org.testng.TestNG.runSuitesSequentially(TestNG.java:1274)
at org.testng.TestNG.runSuitesLocally(TestNG.java:1208)
at org.testng.TestNG.runSuites(TestNG.java:1112)
at org.testng.TestNG.run(TestNG.java:1079)
at org.testng.remote.AbstractRemoteTestNG.run(AbstractRemoteTestNG.java:115)
at org.testng.remote.RemoteTestNG.initAndRun(RemoteTestNG.java:293)
at org.testng.remote.RemoteTestNG.main(RemoteTestNG.java:91)
]]>
    </failure>
  </testcase> <!-- verifyITOtherField -->
  <testcase classname="com.zenken.freshers.user.FieldOfStudy" name="verifyCoreFieldRequired" time="10.750">
    <skipped/>
  </testcase> <!-- verifyCoreFieldRequired -->
  <testcase classname="com.zenken.freshers.user.FieldOfStudy" name="verifyCoreOptionSelection" time="12.335"/>
  <testcase classname="com.zenken.freshers.user.FieldOfStudy" name="verifyITFieldRequired" time="1.742"/>
</testsuite> <!-- com.zenken.freshers.user.FieldOfStudy -->
