<?xml version="1.0" encoding="UTF-8"?>
<!-- Generated by org.testng.reporters.JUnitReportReporter -->
<testsuite hostname="Prasanna" failures="0" tests="1" name="com.zenken.freshers.company.ApplicantListCsv" time="12.491" errors="0" timestamp="2025-02-13T17:55:37 IST" skipped="0">
  <testcase classname="com.zenken.freshers.company.ApplicantListCsv" name="verifyCsvDl" time="12.491"/>
</testsuite> <!-- com.zenken.freshers.company.ApplicantListCsv -->
