<?xml version="1.0" encoding="UTF-8"?>
<!-- Generated by org.testng.reporters.JUnitReportReporter -->
<testsuite hostname="Prasanna" failures="0" tests="13" name="com.zenken.freshers.user.Skills" time="156.856" errors="0" timestamp="2024-09-25T14:14:53 IST" skipped="0">
  <testcase classname="com.zenken.freshers.user.Skills" name="verifySkillRequiredToApply" time="11.889"/>
  <testcase classname="com.zenken.freshers.user.Skills" name="verify100SkillsAddition" time="40.848"/>
  <testcase classname="com.zenken.freshers.user.Skills" name="verifySkillAddition" time="10.565"/>
  <testcase classname="com.zenken.freshers.user.Skills" name="verifySkillDeleteOnEditPage" time="7.933"/>
  <testcase classname="com.zenken.freshers.user.Skills" name="verifySkillDeleteOnPreviewPage" time="13.729"/>
  <testcase classname="com.zenken.freshers.user.Skills" name="verifySkillsUrl" time="9.311"/>
  <testcase classname="com.zenken.freshers.user.Skills" name="verifyEditSkillsPageTitle" time="7.373"/>
  <testcase classname="com.zenken.freshers.user.Skills" name="verifySkillsPlaceholder" time="9.057"/>
  <testcase classname="com.zenken.freshers.user.Skills" name="verifySkillOptionsPopulation" time="10.685"/>
  <testcase classname="com.zenken.freshers.user.Skills" name="verifySkillSelection" time="8.215"/>
  <testcase classname="com.zenken.freshers.user.Skills" name="verifySkillLevelSelection" time="8.928"/>
  <testcase classname="com.zenken.freshers.user.Skills" name="verifySkillsCancel" time="8.857"/>
  <testcase classname="com.zenken.freshers.user.Skills" name="verifySkillLevelRequired" time="9.466"/>
</testsuite> <!-- com.zenken.freshers.user.Skills -->
