<?xml version="1.0" encoding="UTF-8"?>
<!-- Generated by org.testng.reporters.JUnitReportReporter -->
<testsuite hostname="Prasanna" failures="0" tests="1" name="com.zenken.freshers.user.Photo" time="13.522" errors="0" timestamp="2024-12-06T16:29:07 IST" skipped="0">
  <testcase classname="com.zenken.freshers.user.Photo" name="verifyPhotoDelete" time="13.522"/>
</testsuite> <!-- com.zenken.freshers.user.Photo -->
