<?xml version="1.0" encoding="UTF-8"?>
<!-- Generated by org.testng.reporters.JUnitReportReporter -->
<testsuite hostname="Prasanna" failures="0" tests="1" name="com.zenken.freshers.user.Certifications" time="38.333" errors="0" timestamp="2024-12-09T18:08:51 IST" skipped="0">
  <testcase classname="com.zenken.freshers.user.Certifications" name="verifyCertInvalidFileFormat" time="38.333"/>
</testsuite> <!-- com.zenken.freshers.user.Certifications -->
