<?xml version="1.0" encoding="UTF-8"?>
<!-- Generated by org.testng.reporters.JUnitReportReporter -->
<testsuite hostname="Prasanna" failures="0" tests="1" name="com.zenken.freshers.user.Registration" time="5.981" errors="0" timestamp="2024-07-30T11:12:54 IST" skipped="0">
  <testcase classname="com.zenken.freshers.user.Registration" name="verifyCharExceedMiddleName" time="5.981"/>
</testsuite> <!-- com.zenken.freshers.user.Registration -->
