<?xml version="1.0" encoding="UTF-8"?>
<!-- Generated by org.testng.reporters.JUnitReportReporter -->
<testsuite hostname="Prasanna" failures="0" tests="1" name="com.zenken.freshers.user.Projects" time="88.050" errors="0" timestamp="2024-11-21T15:41:44 IST" skipped="0">
  <testcase classname="com.zenken.freshers.user.Projects" name="verifyProjectAdditionWithFile" time="88.050"/>
</testsuite> <!-- com.zenken.freshers.user.Projects -->
