<?xml version="1.0" encoding="UTF-8"?>
<!-- Generated by org.testng.reporters.JUnitReportReporter -->
<testsuite hostname="Prasanna" failures="0" tests="5" name="com.zenken.freshers.user.Settings" time="109.666" errors="0" timestamp="2024-10-30T15:14:10 IST" skipped="0">
  <testcase classname="com.zenken.freshers.user.Settings" name="verifySettingsTitle" time="17.197"/>
  <testcase classname="com.zenken.freshers.user.Settings" name="verifySetNotSelected" time="30.635"/>
  <testcase classname="com.zenken.freshers.user.Settings" name="verifySetSelected" time="27.718"/>
  <testcase classname="com.zenken.freshers.user.Settings" name="verifySettingsUrl" time="14.118"/>
  <testcase classname="com.zenken.freshers.user.Settings" name="verifySetDesTexts" time="19.998"/>
</testsuite> <!-- com.zenken.freshers.user.Settings -->
