<?xml version="1.0" encoding="UTF-8"?>
<!-- Generated by org.testng.reporters.JUnitReportReporter -->
<testsuite hostname="Prasanna" failures="0" tests="19" name="com.zenken.freshers.user.FieldOfStudy" time="534.707" errors="0" timestamp="2024-11-20T12:55:19 IST" skipped="0">
  <testcase classname="com.zenken.freshers.user.FieldOfStudy" name="verifyResearchRequired" time="26.005"/>
  <testcase classname="com.zenken.freshers.user.FieldOfStudy" name="verifyCoreOtherFieldRequired" time="41.035"/>
  <testcase classname="com.zenken.freshers.user.FieldOfStudy" name="verifyCoreOptions" time="12.666"/>
  <testcase classname="com.zenken.freshers.user.FieldOfStudy" name="verifyITOptions" time="35.914"/>
  <testcase classname="com.zenken.freshers.user.FieldOfStudy" name="verifyCancelRedirection" time="40.054"/>
  <testcase classname="com.zenken.freshers.user.FieldOfStudy" name="verifyCoreOtherPlaceholder" time="23.371"/>
  <testcase classname="com.zenken.freshers.user.FieldOfStudy" name="verifyCoreOtherTextBoxStates" time="16.160"/>
  <testcase classname="com.zenken.freshers.user.FieldOfStudy" name="verifyFieldOfStudyUrl" time="30.839"/>
  <testcase classname="com.zenken.freshers.user.FieldOfStudy" name="verifyCoreOtherCharExceedError" time="45.811"/>
  <testcase classname="com.zenken.freshers.user.FieldOfStudy" name="verifyCoreOtherField" time="53.303"/>
  <testcase classname="com.zenken.freshers.user.FieldOfStudy" name="verifyITOptionSelection" time="47.785"/>
  <testcase classname="com.zenken.freshers.user.FieldOfStudy" name="verifyITOtherTextBoxStates" time="20.964"/>
  <testcase classname="com.zenken.freshers.user.FieldOfStudy" name="verifyITOtherFieldRequired" time="14.560"/>
  <testcase classname="com.zenken.freshers.user.FieldOfStudy" name="verifyITOtherCharExceedError" time="44.296"/>
  <testcase classname="com.zenken.freshers.user.FieldOfStudy" name="verifyITOtherPlaceholder" time="11.212"/>
  <testcase classname="com.zenken.freshers.user.FieldOfStudy" name="verifyITOtherField" time="15.176"/>
  <testcase classname="com.zenken.freshers.user.FieldOfStudy" name="verifyCoreFieldRequired" time="11.250"/>
  <testcase classname="com.zenken.freshers.user.FieldOfStudy" name="verifyCoreOptionSelection" time="15.869"/>
  <testcase classname="com.zenken.freshers.user.FieldOfStudy" name="verifyITFieldRequired" time="28.437"/>
</testsuite> <!-- com.zenken.freshers.user.FieldOfStudy -->
