<?xml version="1.0" encoding="UTF-8"?>
<!-- Generated by org.testng.reporters.JUnitReportReporter -->
<testsuite hostname="Prasanna" failures="0" tests="2" name="com.zenken.freshers.user.Settings" time="23.636" errors="0" timestamp="2024-11-14T17:18:28 IST" skipped="0">
  <testcase classname="com.zenken.freshers.user.Settings" name="verifySettingsUrl" time="11.991"/>
  <testcase classname="com.zenken.freshers.user.Settings" name="verifySettingsTitle" time="11.645"/>
</testsuite> <!-- com.zenken.freshers.user.Settings -->
