<?xml version="1.0" encoding="UTF-8"?>
<!-- Generated by org.testng.reporters.JUnitReportReporter -->
<testsuite hostname="Prasanna" failures="0" tests="1" name="com.zenken.freshers.user.BasicInformation" time="9.867" errors="0" timestamp="2025-02-24T17:46:07 IST" skipped="0">
  <testcase classname="com.zenken.freshers.user.BasicInformation" name="verifyRequiredToApplyTexts" time="9.867"/>
</testsuite> <!-- com.zenken.freshers.user.BasicInformation -->
