<?xml version="1.0" encoding="UTF-8"?>
<!-- Generated by org.testng.reporters.JUnitReportReporter -->
<testsuite hostname="Prasanna" failures="0" tests="19" name="com.zenken.freshers.user.FieldOfStudy" time="206.511" errors="0" timestamp="2024-09-05T15:04:33 IST" skipped="0">
  <testcase classname="com.zenken.freshers.user.FieldOfStudy" name="verifyFieldOfStudyUrl" time="8.423"/>
  <testcase classname="com.zenken.freshers.user.FieldOfStudy" name="verifyITOtherFieldRequired" time="10.754"/>
  <testcase classname="com.zenken.freshers.user.FieldOfStudy" name="verifyResearchRequired" time="10.328"/>
  <testcase classname="com.zenken.freshers.user.FieldOfStudy" name="verifyCancelRedirection" time="13.606"/>
  <testcase classname="com.zenken.freshers.user.FieldOfStudy" name="verifyCoreOtherTextBoxStates" time="9.212"/>
  <testcase classname="com.zenken.freshers.user.FieldOfStudy" name="verifyITOtherPlaceholder" time="8.769"/>
  <testcase classname="com.zenken.freshers.user.FieldOfStudy" name="verifyCoreOptions" time="9.492"/>
  <testcase classname="com.zenken.freshers.user.FieldOfStudy" name="verifyCoreOtherFieldRequired" time="9.627"/>
  <testcase classname="com.zenken.freshers.user.FieldOfStudy" name="verifyITOptionSelection" time="11.710"/>
  <testcase classname="com.zenken.freshers.user.FieldOfStudy" name="verifyITOptions" time="9.492"/>
  <testcase classname="com.zenken.freshers.user.FieldOfStudy" name="verifyCoreOtherCharExceedError" time="11.712"/>
  <testcase classname="com.zenken.freshers.user.FieldOfStudy" name="verifyCoreOtherPlaceholder" time="8.530"/>
  <testcase classname="com.zenken.freshers.user.FieldOfStudy" name="verifyITOtherTextBoxStates" time="11.645"/>
  <testcase classname="com.zenken.freshers.user.FieldOfStudy" name="verifyCoreOtherField" time="13.230"/>
  <testcase classname="com.zenken.freshers.user.FieldOfStudy" name="verifyITOtherCharExceedError" time="13.150"/>
  <testcase classname="com.zenken.freshers.user.FieldOfStudy" name="verifyITOtherField" time="13.931"/>
  <testcase classname="com.zenken.freshers.user.FieldOfStudy" name="verifyCoreFieldRequired" time="10.660"/>
  <testcase classname="com.zenken.freshers.user.FieldOfStudy" name="verifyCoreOptionSelection" time="11.973"/>
  <testcase classname="com.zenken.freshers.user.FieldOfStudy" name="verifyITFieldRequired" time="10.267"/>
</testsuite> <!-- com.zenken.freshers.user.FieldOfStudy -->
