<?xml version="1.0" encoding="UTF-8"?>
<!-- Generated by org.testng.reporters.JUnitReportReporter -->
<testsuite hostname="Prasanna" failures="0" tests="2" name="com.zenken.freshers.user.Projects" time="15.876" errors="0" timestamp="2024-10-11T17:53:00 IST" skipped="0">
  <testcase classname="com.zenken.freshers.user.Projects" name="verifyProjectsNewUrl" time="8.286"/>
  <testcase classname="com.zenken.freshers.user.Projects" name="verifyProjectEndDateDdDisable" time="7.590"/>
</testsuite> <!-- com.zenken.freshers.user.Projects -->
