<?xml version="1.0" encoding="UTF-8"?>
<!-- Generated by org.testng.reporters.JUnitReportReporter -->
<testsuite hostname="Prasanna" failures="0" tests="36" name="com.zenken.freshers.user.BasicInformation" time="517.453" errors="0" timestamp="2024-11-11T15:45:17 IST" skipped="0">
  <testcase classname="com.zenken.freshers.user.BasicInformation" name="verifyBacklogCountStates" time="10.863"/>
  <testcase classname="com.zenken.freshers.user.BasicInformation" name="verifySexValue" time="14.818"/>
  <testcase classname="com.zenken.freshers.user.BasicInformation" name="verifyLastNameRequired" time="13.376"/>
  <testcase classname="com.zenken.freshers.user.BasicInformation" name="verifyPlaceholders" time="10.622"/>
  <testcase classname="com.zenken.freshers.user.BasicInformation" name="verifyCountryValue" time="14.266"/>
  <testcase classname="com.zenken.freshers.user.BasicInformation" name="verifyHobbyValue" time="15.839"/>
  <testcase classname="com.zenken.freshers.user.BasicInformation" name="verifyEmail2Value" time="15.800"/>
  <testcase classname="com.zenken.freshers.user.BasicInformation" name="verifyEditUrl" time="11.342"/>
  <testcase classname="com.zenken.freshers.user.BasicInformation" name="verifyEmail1Value" time="16.154"/>
  <testcase classname="com.zenken.freshers.user.BasicInformation" name="verifyEmailRequired" time="15.038"/>
  <testcase classname="com.zenken.freshers.user.BasicInformation" name="verifyUsnRequired" time="13.596"/>
  <testcase classname="com.zenken.freshers.user.BasicInformation" name="verifyAddressValue" time="16.070"/>
  <testcase classname="com.zenken.freshers.user.BasicInformation" name="verifyTitleName" time="12.056"/>
  <testcase classname="com.zenken.freshers.user.BasicInformation" name="verifyPhoneValue" time="18.170"/>
  <testcase classname="com.zenken.freshers.user.BasicInformation" name="verifyTextBoxInactiveLastName" time="11.921"/>
  <testcase classname="com.zenken.freshers.user.BasicInformation" name="verifyCityValue" time="15.931"/>
  <testcase classname="com.zenken.freshers.user.BasicInformation" name="verifyFirstNameRequired" time="14.408"/>
  <testcase classname="com.zenken.freshers.user.BasicInformation" name="verifySavedData" time="12.260"/>
  <testcase classname="com.zenken.freshers.user.BasicInformation" name="verifyTimeNotSureValue" time="16.592"/>
  <testcase classname="com.zenken.freshers.user.BasicInformation" name="verifyPinCodeValue" time="14.649"/>
  <testcase classname="com.zenken.freshers.user.BasicInformation" name="verifyProfileUpdate" time="16.048"/>
  <testcase classname="com.zenken.freshers.user.BasicInformation" name="verifyNationalityValue" time="15.920"/>
  <testcase classname="com.zenken.freshers.user.BasicInformation" name="verifyCollegeRequired" time="12.871"/>
  <testcase classname="com.zenken.freshers.user.BasicInformation" name="verifyMiddleNameValue" time="14.802"/>
  <testcase classname="com.zenken.freshers.user.BasicInformation" name="verifyYearRequired" time="14.573"/>
  <testcase classname="com.zenken.freshers.user.BasicInformation" name="verifyTimeInJapanValue" time="15.530"/>
  <testcase classname="com.zenken.freshers.user.BasicInformation" name="verifyLastNameValue" time="16.616"/>
  <testcase classname="com.zenken.freshers.user.BasicInformation" name="verifyOtherMasterStates" time="14.839"/>
  <testcase classname="com.zenken.freshers.user.BasicInformation" name="verifyRequiredToApplyTexts" time="12.202"/>
  <testcase classname="com.zenken.freshers.user.BasicInformation" name="verifyProceedOtherStates" time="13.354"/>
  <testcase classname="com.zenken.freshers.user.BasicInformation" name="verifyOtherBachelorStates" time="15.010"/>
  <testcase classname="com.zenken.freshers.user.BasicInformation" name="verifyFirstNameValue" time="14.846"/>
  <testcase classname="com.zenken.freshers.user.BasicInformation" name="verifyRedirectionForCancel" time="14.823"/>
  <testcase classname="com.zenken.freshers.user.BasicInformation" name="verifyDobValue" time="15.369"/>
  <testcase classname="com.zenken.freshers.user.BasicInformation" name="verifyNotSureStates" time="11.157"/>
  <testcase classname="com.zenken.freshers.user.BasicInformation" name="verifyStateValue" time="15.722"/>
</testsuite> <!-- com.zenken.freshers.user.BasicInformation -->
