<?xml version="1.0" encoding="UTF-8"?>
<!-- Generated by org.testng.reporters.JUnitReportReporter -->
<testsuite hostname="Prasanna" failures="0" tests="1" name="com.zenken.freshers.user.Projects" time="11.212" errors="0" timestamp="2024-10-08T10:10:56 IST" skipped="0">
  <testcase classname="com.zenken.freshers.user.Projects" name="verifyProjectCancelEditRed" time="11.212"/>
</testsuite> <!-- com.zenken.freshers.user.Projects -->
