<?xml version="1.0" encoding="UTF-8"?>
<!-- Generated by org.testng.reporters.JUnitReportReporter -->
<testsuite hostname="Prasanna" failures="0" tests="1" name="com.zenken.freshers.company.CompanyLogin" time="9.701" errors="0" timestamp="2025-02-24T17:48:02 IST" skipped="0">
  <testcase classname="com.zenken.freshers.company.CompanyLogin" name="verifyComBlankEmail" time="9.701"/>
</testsuite> <!-- com.zenken.freshers.company.CompanyLogin -->
