<?xml version="1.0" encoding="UTF-8"?>
<!-- Generated by org.testng.reporters.JUnitReportReporter -->
<testsuite hostname="Prasanna" failures="0" tests="1" name="com.zenken.freshers.user.Jobs" time="35.303" errors="0" timestamp="2025-01-10T16:29:05 IST" skipped="0">
  <testcase classname="com.zenken.freshers.user.Jobs" name="verifyJobsValues" time="35.303"/>
</testsuite> <!-- com.zenken.freshers.user.Jobs -->
