<?xml version="1.0" encoding="UTF-8"?>
<!-- Generated by org.testng.reporters.JUnitReportReporter -->
<testsuite hostname="Prasanna" failures="0" tests="14" name="com.zenken.freshers.user.Internships" time="249.357" errors="0" timestamp="2024-09-24T17:39:45 IST" skipped="0">
  <testcase classname="com.zenken.freshers.user.Internships" name="verifyIntNewUrl" time="37.054"/>
  <testcase classname="com.zenken.freshers.user.Internships" name="verifyInternshipPageTitle" time="9.045"/>
  <testcase classname="com.zenken.freshers.user.Internships" name="verifyInternshipPlaceholder" time="11.755"/>
  <testcase classname="com.zenken.freshers.user.Internships" name="verifyEndDateDdDisable" time="9.726"/>
  <testcase classname="com.zenken.freshers.user.Internships" name="verifyInternshipAddition" time="12.025"/>
  <testcase classname="com.zenken.freshers.user.Internships" name="verifyIntAdditionWithDetails" time="13.152"/>
  <testcase classname="com.zenken.freshers.user.Internships" name="verifyIntEditUrl" time="9.170"/>
  <testcase classname="com.zenken.freshers.user.Internships" name="verifyIntSavedData" time="9.725"/>
  <testcase classname="com.zenken.freshers.user.Internships" name="verifyIntCharCount" time="38.850"/>
  <testcase classname="com.zenken.freshers.user.Internships" name="verifyTenIntExceed" time="35.627"/>
  <testcase classname="com.zenken.freshers.user.Internships" name="verifyIntDeletePopUp" time="12.596"/>
  <testcase classname="com.zenken.freshers.user.Internships" name="verifyIntDelete" time="11.145"/>
  <testcase classname="com.zenken.freshers.user.Internships" name="verifyIntDetailsCharExceed" time="27.552"/>
  <testcase classname="com.zenken.freshers.user.Internships" name="verifyEndDateMismatch" time="11.935"/>
</testsuite> <!-- com.zenken.freshers.user.Internships -->
