<?xml version="1.0" encoding="UTF-8"?>
<!-- Generated by org.testng.reporters.JUnitReportReporter -->
<testsuite hostname="Prasanna" failures="0" tests="12" name="com.zenken.freshers.user.JobPreferences" time="483.918" errors="0" timestamp="2024-11-20T12:55:19 IST" skipped="0">
  <testcase classname="com.zenken.freshers.user.JobPreferences" name="verifyCancelRedirection" time="35.910"/>
  <testcase classname="com.zenken.freshers.user.JobPreferences" name="verifyCharExceedSecondPref" time="51.367"/>
  <testcase classname="com.zenken.freshers.user.JobPreferences" name="verifyPlaceholders" time="46.311"/>
  <testcase classname="com.zenken.freshers.user.JobPreferences" name="verifySecondPreferenceStates" time="24.838"/>
  <testcase classname="com.zenken.freshers.user.JobPreferences" name="verifyCharExceedFirstPref" time="27.116"/>
  <testcase classname="com.zenken.freshers.user.JobPreferences" name="verifyPreferencesOtherValue" time="48.576"/>
  <testcase classname="com.zenken.freshers.user.JobPreferences" name="verifyFirstPreferenceStates" time="39.223"/>
  <testcase classname="com.zenken.freshers.user.JobPreferences" name="verifyRequiredToApplyTexts" time="43.821"/>
  <testcase classname="com.zenken.freshers.user.JobPreferences" name="verifyPreferencesValues" time="40.989"/>
  <testcase classname="com.zenken.freshers.user.JobPreferences" name="verifyJobPreferenceUrl" time="27.170"/>
  <testcase classname="com.zenken.freshers.user.JobPreferences" name="verifyCharExceedThirdPref" time="49.170"/>
  <testcase classname="com.zenken.freshers.user.JobPreferences" name="verifyThirdPreferenceStates" time="49.427"/>
</testsuite> <!-- com.zenken.freshers.user.JobPreferences -->
