<?xml version="1.0" encoding="UTF-8"?>
<!-- Generated by org.testng.reporters.JUnitReportReporter -->
<testsuite hostname="Prasanna" failures="0" tests="1" name="com.zenken.freshers.company.ScreeeningProcess" time="24.581" errors="0" timestamp="2025-02-27T17:59:20 IST" skipped="0">
  <testcase classname="com.zenken.freshers.company.ScreeeningProcess" name="verifyEventRecord2" time="24.581"/>
</testsuite> <!-- com.zenken.freshers.company.ScreeeningProcess -->
