<?xml version="1.0" encoding="UTF-8"?>
<!-- Generated by org.testng.reporters.JUnitReportReporter -->
<testsuite hostname="Prasanna" failures="0" tests="22" name="com.zenken.freshers.user.Certifications" time="359.649" errors="0" timestamp="2024-10-18T15:59:55 IST" skipped="0">
  <testcase classname="com.zenken.freshers.user.Certifications" name="verifyCertNewUrl" time="7.601"/>
  <testcase classname="com.zenken.freshers.user.Certifications" name="verifyCertPageTitle" time="11.487"/>
  <testcase classname="com.zenken.freshers.user.Certifications" name="verifyCertPlaceholders" time="21.118"/>
  <testcase classname="com.zenken.freshers.user.Certifications" name="verifyCertAddition" time="10.147"/>
  <testcase classname="com.zenken.freshers.user.Certifications" name="verifyCertAdditionWithDetails" time="15.253"/>
  <testcase classname="com.zenken.freshers.user.Certifications" name="verifyCertFileUpload" time="11.773"/>
  <testcase classname="com.zenken.freshers.user.Certifications" name="verifyDefaultCertName" time="6.703"/>
  <testcase classname="com.zenken.freshers.user.Certifications" name="verifyCertCharCount" time="61.046"/>
  <testcase classname="com.zenken.freshers.user.Certifications" name="verifyCertEditUrl" time="7.561"/>
  <testcase classname="com.zenken.freshers.user.Certifications" name="verifyCertSavedData" time="9.163"/>
  <testcase classname="com.zenken.freshers.user.Certifications" name="verifyCertAdditionWithFile" time="41.676"/>
  <testcase classname="com.zenken.freshers.user.Certifications" name="verifyCertFileDelete" time="10.511"/>
  <testcase classname="com.zenken.freshers.user.Certifications" name="verifyCertCountExceed" time="25.924"/>
  <testcase classname="com.zenken.freshers.user.Certifications" name="verifyCertDeletePopUp" time="8.239"/>
  <testcase classname="com.zenken.freshers.user.Certifications" name="verifyCertDelete" time="9.823"/>
  <testcase classname="com.zenken.freshers.user.Certifications" name="verifyCertNameCharExceed" time="33.401"/>
  <testcase classname="com.zenken.freshers.user.Certifications" name="verifyCertDetailsCharExceed" time="10.479"/>
  <testcase classname="com.zenken.freshers.user.Certifications" name="verifyCertNameRequired" time="9.065"/>
  <testcase classname="com.zenken.freshers.user.Certifications" name="verifyCertInvalidFileFormat" time="12.601"/>
  <testcase classname="com.zenken.freshers.user.Certifications" name="verifyCertInvalidFileSize" time="18.575"/>
  <testcase classname="com.zenken.freshers.user.Certifications" name="verifyCertCancelNewRed" time="8.562"/>
  <testcase classname="com.zenken.freshers.user.Certifications" name="verifyCertCancelEditRed" time="8.941"/>
</testsuite> <!-- com.zenken.freshers.user.Certifications -->
