<?xml version="1.0" encoding="UTF-8"?>
<!-- Generated by org.testng.reporters.JUnitReportReporter -->
<testsuite hostname="Prasanna" failures="0" tests="13" name="com.zenken.freshers.user.Skills" time="167.169" errors="0" timestamp="2024-11-19T12:05:47 IST" skipped="0">
  <testcase classname="com.zenken.freshers.user.Skills" name="verifySkillRequiredToApply" time="10.837"/>
  <testcase classname="com.zenken.freshers.user.Skills" name="verify100SkillsAddition" time="44.399"/>
  <testcase classname="com.zenken.freshers.user.Skills" name="verifySkillAddition" time="10.569"/>
  <testcase classname="com.zenken.freshers.user.Skills" name="verifySkillDeleteOnEditPage" time="9.591"/>
  <testcase classname="com.zenken.freshers.user.Skills" name="verifySkillDeleteOnPreviewPage" time="15.522"/>
  <testcase classname="com.zenken.freshers.user.Skills" name="verifySkillsUrl" time="7.733"/>
  <testcase classname="com.zenken.freshers.user.Skills" name="verifyEditSkillsPageTitle" time="8.595"/>
  <testcase classname="com.zenken.freshers.user.Skills" name="verifySkillsPlaceholder" time="8.657"/>
  <testcase classname="com.zenken.freshers.user.Skills" name="verifySkillOptionsPopulation" time="9.682"/>
  <testcase classname="com.zenken.freshers.user.Skills" name="verifySkillSelection" time="10.345"/>
  <testcase classname="com.zenken.freshers.user.Skills" name="verifySkillLevelSelection" time="8.979"/>
  <testcase classname="com.zenken.freshers.user.Skills" name="verifySkillsCancel" time="11.177"/>
  <testcase classname="com.zenken.freshers.user.Skills" name="verifySkillLevelRequired" time="11.083"/>
</testsuite> <!-- com.zenken.freshers.user.Skills -->
