<?xml version="1.0" encoding="UTF-8"?>
<!-- Generated by org.testng.reporters.JUnitReportReporter -->
<testsuite hostname="Prasanna" failures="0" tests="1" name="com.zenken.freshers.user.Photo" time="12.298" errors="0" timestamp="2024-12-06T15:37:31 IST" skipped="0">
  <testcase classname="com.zenken.freshers.user.Photo" name="verifyImageResize" time="12.298"/>
</testsuite> <!-- com.zenken.freshers.user.Photo -->
