<?xml version="1.0" encoding="UTF-8"?>
<!-- Generated by org.testng.reporters.JUnitReportReporter -->
<testsuite hostname="Prasanna" failures="0" tests="5" name="com.zenken.freshers.user.Settings" time="65.324" errors="0" timestamp="2024-11-14T16:21:20 IST" skipped="0">
  <testcase classname="com.zenken.freshers.user.Settings" name="verifySettingsTitle" time="11.603"/>
  <testcase classname="com.zenken.freshers.user.Settings" name="verifySetDesTexts" time="10.692"/>
  <testcase classname="com.zenken.freshers.user.Settings" name="verifySettingsUrl" time="11.658"/>
  <testcase classname="com.zenken.freshers.user.Settings" name="verifySetNotSelected" time="16.779"/>
  <testcase classname="com.zenken.freshers.user.Settings" name="verifySetSelected" time="14.592"/>
</testsuite> <!-- com.zenken.freshers.user.Settings -->
