<?xml version="1.0" encoding="UTF-8"?>
<!-- Generated by org.testng.reporters.JUnitReportReporter -->
<testsuite hostname="Prasanna" failures="0" tests="12" name="com.zenken.freshers.user.JapanesePlacementConsentForm" time="549.035" errors="0" timestamp="2024-11-22T16:24:11 IST" skipped="1">
  <testcase classname="com.zenken.freshers.user.JapanesePlacementConsentForm" name="verifyConsentFormUrl" time="24.636"/>
  <testcase classname="com.zenken.freshers.user.JapanesePlacementConsentForm" name="verifyConsentFormTitle" time="31.944"/>
  <testcase classname="com.zenken.freshers.user.JapanesePlacementConsentForm" name="verifyIsCFSaved" time="49.313"/>
  <testcase classname="com.zenken.freshers.user.JapanesePlacementConsentForm" name="verifyConsentFormDL" time="34.189"/>
  <testcase classname="com.zenken.freshers.user.JapanesePlacementConsentForm" name="verifyCFUploadAndDl" time="92.941"/>
  <testcase classname="com.zenken.freshers.user.JapanesePlacementConsentForm" name="verifyConsentFormDelete" time="44.717"/>
  <testcase classname="com.zenken.freshers.user.JapanesePlacementConsentForm" name="verifyCFReqToApply" time="42.547"/>
  <testcase classname="com.zenken.freshers.user.JapanesePlacementConsentForm" name="verifyAgreeCBReqToSave" time="44.012"/>
  <testcase classname="com.zenken.freshers.user.JapanesePlacementConsentForm" name="verifyCFInvalidFileFormat" time="48.474"/>
  <testcase classname="com.zenken.freshers.user.JapanesePlacementConsentForm" name="verifyCFInvalidFileFormat" time="56.739">
    <skipped/>
  </testcase> <!-- verifyCFInvalidFileFormat -->
  <testcase classname="com.zenken.freshers.user.JapanesePlacementConsentForm" name="verifyCFInvalidFileSize" time="38.913"/>
  <testcase classname="com.zenken.freshers.user.JapanesePlacementConsentForm" name="verifyCFCancelRed" time="40.610"/>
</testsuite> <!-- com.zenken.freshers.user.JapanesePlacementConsentForm -->
