<?xml version="1.0" encoding="UTF-8"?>
<!-- Generated by org.testng.reporters.JUnitReportReporter -->
<testsuite hostname="Prasanna" failures="0" tests="12" name="com.zenken.freshers.user.JobPreferences" time="458.340" errors="0" timestamp="2024-11-20T14:37:41 GMT+05:30" skipped="0">
  <testcase classname="com.zenken.freshers.user.JobPreferences" name="verifyCharExceedThirdPref" time="39.699"/>
  <testcase classname="com.zenken.freshers.user.JobPreferences" name="verifyRequiredToApplyTexts" time="48.992"/>
  <testcase classname="com.zenken.freshers.user.JobPreferences" name="verifyThirdPreferenceStates" time="33.347"/>
  <testcase classname="com.zenken.freshers.user.JobPreferences" name="verifyCharExceedFirstPref" time="47.961"/>
  <testcase classname="com.zenken.freshers.user.JobPreferences" name="verifyCancelRedirection" time="48.217"/>
  <testcase classname="com.zenken.freshers.user.JobPreferences" name="verifyPlaceholders" time="39.360"/>
  <testcase classname="com.zenken.freshers.user.JobPreferences" name="verifyPreferencesValues" time="46.299"/>
  <testcase classname="com.zenken.freshers.user.JobPreferences" name="verifyPreferencesOtherValue" time="31.969"/>
  <testcase classname="com.zenken.freshers.user.JobPreferences" name="verifyFirstPreferenceStates" time="39.419"/>
  <testcase classname="com.zenken.freshers.user.JobPreferences" name="verifyCharExceedSecondPref" time="23.825"/>
  <testcase classname="com.zenken.freshers.user.JobPreferences" name="verifySecondPreferenceStates" time="28.150"/>
  <testcase classname="com.zenken.freshers.user.JobPreferences" name="verifyJobPreferenceUrl" time="31.102"/>
</testsuite> <!-- com.zenken.freshers.user.JobPreferences -->
