<?xml version="1.0" encoding="UTF-8"?>
<!-- Generated by org.testng.reporters.JUnitReportReporter -->
<testsuite hostname="Prasanna" failures="0" tests="11" name="com.zenken.freshers.user.Photo" time="423.170" errors="0" timestamp="2024-11-20T14:37:41 GMT+05:30" skipped="0">
  <testcase classname="com.zenken.freshers.user.Photo" name="verifyPhotoUrl" time="37.620"/>
  <testcase classname="com.zenken.freshers.user.Photo" name="verifyPhotoTitle" time="37.140"/>
  <testcase classname="com.zenken.freshers.user.Photo" name="verifyUploadModalDisplay" time="37.332"/>
  <testcase classname="com.zenken.freshers.user.Photo" name="verifyImageResize" time="39.876"/>
  <testcase classname="com.zenken.freshers.user.Photo" name="verifyImageDrag" time="25.650"/>
  <testcase classname="com.zenken.freshers.user.Photo" name="verifyPhotoUpload" time="40.910"/>
  <testcase classname="com.zenken.freshers.user.Photo" name="verifyPhotoImage" time="84.852"/>
  <testcase classname="com.zenken.freshers.user.Photo" name="verifyPhotoChange" time="24.312"/>
  <testcase classname="com.zenken.freshers.user.Photo" name="verifyPhotoDelete" time="38.011"/>
  <testcase classname="com.zenken.freshers.user.Photo" name="verifyPhotoInvalidFile" time="24.896"/>
  <testcase classname="com.zenken.freshers.user.Photo" name="verifyPhotoInvalidSize" time="32.571"/>
</testsuite> <!-- com.zenken.freshers.user.Photo -->
