<?xml version="1.0" encoding="UTF-8"?>
<!-- Generated by org.testng.reporters.JUnitReportReporter -->
<testsuite hostname="Prasanna" failures="0" tests="11" name="com.zenken.freshers.user.Photo" time="317.684" errors="0" timestamp="2024-10-30T17:36:27 IST" skipped="0">
  <testcase classname="com.zenken.freshers.user.Photo" name="verifyPhotoUrl" time="28.825"/>
  <testcase classname="com.zenken.freshers.user.Photo" name="verifyPhotoTitle" time="14.234"/>
  <testcase classname="com.zenken.freshers.user.Photo" name="verifyUploadModalDisplay" time="16.012"/>
  <testcase classname="com.zenken.freshers.user.Photo" name="verifyImageResize" time="33.404"/>
  <testcase classname="com.zenken.freshers.user.Photo" name="verifyImageDrag" time="30.995"/>
  <testcase classname="com.zenken.freshers.user.Photo" name="verifyPhotoUpload" time="19.999"/>
  <testcase classname="com.zenken.freshers.user.Photo" name="verifyPhotoImage" time="66.508"/>
  <testcase classname="com.zenken.freshers.user.Photo" name="verifyPhotoChange" time="24.027"/>
  <testcase classname="com.zenken.freshers.user.Photo" name="verifyPhotoDelete" time="36.875"/>
  <testcase classname="com.zenken.freshers.user.Photo" name="verifyPhotoInvalidFile" time="20.447"/>
  <testcase classname="com.zenken.freshers.user.Photo" name="verifyPhotoInvalidSize" time="26.358"/>
</testsuite> <!-- com.zenken.freshers.user.Photo -->
