<?xml version="1.0" encoding="UTF-8"?>
<!-- Generated by org.testng.reporters.JUnitReportReporter -->
<testsuite hostname="Prasanna" failures="0" tests="11" name="com.zenken.freshers.user.Photo" time="488.182" errors="0" timestamp="2024-11-22T16:24:11 IST" skipped="0">
  <testcase classname="com.zenken.freshers.user.Photo" name="verifyPhotoUrl" time="41.341"/>
  <testcase classname="com.zenken.freshers.user.Photo" name="verifyPhotoTitle" time="49.918"/>
  <testcase classname="com.zenken.freshers.user.Photo" name="verifyUploadModalDisplay" time="38.638"/>
  <testcase classname="com.zenken.freshers.user.Photo" name="verifyImageResize" time="41.519"/>
  <testcase classname="com.zenken.freshers.user.Photo" name="verifyImageDrag" time="34.773"/>
  <testcase classname="com.zenken.freshers.user.Photo" name="verifyPhotoUpload" time="65.053"/>
  <testcase classname="com.zenken.freshers.user.Photo" name="verifyPhotoImage" time="73.670"/>
  <testcase classname="com.zenken.freshers.user.Photo" name="verifyPhotoChange" time="38.458"/>
  <testcase classname="com.zenken.freshers.user.Photo" name="verifyPhotoDelete" time="36.217"/>
  <testcase classname="com.zenken.freshers.user.Photo" name="verifyPhotoInvalidFile" time="32.231"/>
  <testcase classname="com.zenken.freshers.user.Photo" name="verifyPhotoInvalidSize" time="36.364"/>
</testsuite> <!-- com.zenken.freshers.user.Photo -->
