<?xml version="1.0" encoding="UTF-8"?>
<!-- Generated by org.testng.reporters.JUnitReportReporter -->
<testsuite hostname="Prasanna" failures="0" tests="19" name="com.zenken.freshers.user.FieldOfStudy" time="522.727" errors="0" timestamp="2024-11-20T14:37:41 GMT+05:30" skipped="0">
  <testcase classname="com.zenken.freshers.user.FieldOfStudy" name="verifyCoreOtherTextBoxStates" time="44.981"/>
  <testcase classname="com.zenken.freshers.user.FieldOfStudy" name="verifyCoreOptions" time="28.930"/>
  <testcase classname="com.zenken.freshers.user.FieldOfStudy" name="verifyITOptionSelection" time="32.272"/>
  <testcase classname="com.zenken.freshers.user.FieldOfStudy" name="verifyITOptions" time="9.948"/>
  <testcase classname="com.zenken.freshers.user.FieldOfStudy" name="verifyITOtherFieldRequired" time="9.969"/>
  <testcase classname="com.zenken.freshers.user.FieldOfStudy" name="verifyCoreOtherFieldRequired" time="16.197"/>
  <testcase classname="com.zenken.freshers.user.FieldOfStudy" name="verifyITOtherTextBoxStates" time="27.587"/>
  <testcase classname="com.zenken.freshers.user.FieldOfStudy" name="verifyITOtherPlaceholder" time="9.035"/>
  <testcase classname="com.zenken.freshers.user.FieldOfStudy" name="verifyCoreOtherPlaceholder" time="9.008"/>
  <testcase classname="com.zenken.freshers.user.FieldOfStudy" name="verifyCoreOtherField" time="34.399"/>
  <testcase classname="com.zenken.freshers.user.FieldOfStudy" name="verifyResearchRequired" time="29.385"/>
  <testcase classname="com.zenken.freshers.user.FieldOfStudy" name="verifyFieldOfStudyUrl" time="40.536"/>
  <testcase classname="com.zenken.freshers.user.FieldOfStudy" name="verifyCancelRedirection" time="19.744"/>
  <testcase classname="com.zenken.freshers.user.FieldOfStudy" name="verifyITOtherCharExceedError" time="14.783"/>
  <testcase classname="com.zenken.freshers.user.FieldOfStudy" name="verifyCoreOtherCharExceedError" time="47.354"/>
  <testcase classname="com.zenken.freshers.user.FieldOfStudy" name="verifyITOtherField" time="37.309"/>
  <testcase classname="com.zenken.freshers.user.FieldOfStudy" name="verifyCoreFieldRequired" time="26.053"/>
  <testcase classname="com.zenken.freshers.user.FieldOfStudy" name="verifyCoreOptionSelection" time="40.922"/>
  <testcase classname="com.zenken.freshers.user.FieldOfStudy" name="verifyITFieldRequired" time="44.315"/>
</testsuite> <!-- com.zenken.freshers.user.FieldOfStudy -->
