<?xml version="1.0" encoding="UTF-8"?>
<!-- Generated by org.testng.reporters.JUnitReportReporter -->
<testsuite hostname="Prasanna" failures="0" tests="1" name="com.zenken.freshers.user.CommonParts" time="7.866" errors="0" timestamp="2024-11-22T10:20:07 IST" skipped="0">
  <testcase classname="com.zenken.freshers.user.CommonParts" name="verifyTermsPDF" time="7.866"/>
</testsuite> <!-- com.zenken.freshers.user.CommonParts -->
