<?xml version="1.0" encoding="UTF-8"?>
<!-- Generated by org.testng.reporters.JUnitReportReporter -->
<testsuite hostname="Prasanna" failures="0" tests="12" name="com.zenken.freshers.user.JobPreferences" time="469.989" errors="0" timestamp="2024-11-20T16:16:25 IST" skipped="0">
  <testcase classname="com.zenken.freshers.user.JobPreferences" name="verifyCharExceedSecondPref" time="53.308"/>
  <testcase classname="com.zenken.freshers.user.JobPreferences" name="verifyFirstPreferenceStates" time="31.074"/>
  <testcase classname="com.zenken.freshers.user.JobPreferences" name="verifyRequiredToApplyTexts" time="55.521"/>
  <testcase classname="com.zenken.freshers.user.JobPreferences" name="verifyCharExceedThirdPref" time="23.482"/>
  <testcase classname="com.zenken.freshers.user.JobPreferences" name="verifyThirdPreferenceStates" time="53.403"/>
  <testcase classname="com.zenken.freshers.user.JobPreferences" name="verifySecondPreferenceStates" time="52.086"/>
  <testcase classname="com.zenken.freshers.user.JobPreferences" name="verifyPreferencesOtherValue" time="36.662"/>
  <testcase classname="com.zenken.freshers.user.JobPreferences" name="verifyJobPreferenceUrl" time="17.319"/>
  <testcase classname="com.zenken.freshers.user.JobPreferences" name="verifyPreferencesValues" time="28.867"/>
  <testcase classname="com.zenken.freshers.user.JobPreferences" name="verifyCancelRedirection" time="34.058"/>
  <testcase classname="com.zenken.freshers.user.JobPreferences" name="verifyCharExceedFirstPref" time="47.998"/>
  <testcase classname="com.zenken.freshers.user.JobPreferences" name="verifyPlaceholders" time="36.211"/>
</testsuite> <!-- com.zenken.freshers.user.JobPreferences -->
