<?xml version="1.0" encoding="UTF-8"?>
<!-- Generated by org.testng.reporters.JUnitReportReporter -->
<testsuite hostname="Prasanna" failures="0" tests="6" name="com.zenken.freshers.user.Settings" time="224.435" errors="0" timestamp="2024-10-30T17:36:27 IST" skipped="1">
  <testcase classname="com.zenken.freshers.user.Settings" name="verifySetNotSelected" time="42.315"/>
  <testcase classname="com.zenken.freshers.user.Settings" name="verifySettingsUrl" time="23.466"/>
  <testcase classname="com.zenken.freshers.user.Settings" name="verifySettingsTitle" time="37.614"/>
  <testcase classname="com.zenken.freshers.user.Settings" name="verifySetDesTexts" time="30.372"/>
  <testcase classname="com.zenken.freshers.user.Settings" name="verifySetSelected" time="57.645">
    <skipped/>
  </testcase> <!-- verifySetSelected -->
  <testcase classname="com.zenken.freshers.user.Settings" name="verifySetSelected" time="33.023"/>
</testsuite> <!-- com.zenken.freshers.user.Settings -->
