<?xml version="1.0" encoding="UTF-8"?>
<!-- Generated by org.testng.reporters.JUnitReportReporter -->
<testsuite hostname="Prasanna" failures="0" tests="12" name="com.zenken.freshers.user.Photo" time="240.659" errors="0" timestamp="2024-11-26T15:16:38 IST" skipped="1">
  <testcase classname="com.zenken.freshers.user.Photo" name="verifyPhotoUrl" time="9.390"/>
  <testcase classname="com.zenken.freshers.user.Photo" name="verifyPhotoTitle" time="11.906"/>
  <testcase classname="com.zenken.freshers.user.Photo" name="verifyUploadModalDisplay" time="16.001"/>
  <testcase classname="com.zenken.freshers.user.Photo" name="verifyUploadModalDisplay" time="19.184">
    <skipped/>
  </testcase> <!-- verifyUploadModalDisplay -->
  <testcase classname="com.zenken.freshers.user.Photo" name="verifyImageResize" time="14.865"/>
  <testcase classname="com.zenken.freshers.user.Photo" name="verifyImageDrag" time="13.270"/>
  <testcase classname="com.zenken.freshers.user.Photo" name="verifyPhotoUpload" time="26.039"/>
  <testcase classname="com.zenken.freshers.user.Photo" name="verifyPhotoImage" time="70.531"/>
  <testcase classname="com.zenken.freshers.user.Photo" name="verifyPhotoChange" time="13.279"/>
  <testcase classname="com.zenken.freshers.user.Photo" name="verifyPhotoDelete" time="17.541"/>
  <testcase classname="com.zenken.freshers.user.Photo" name="verifyPhotoInvalidFile" time="15.983"/>
  <testcase classname="com.zenken.freshers.user.Photo" name="verifyPhotoInvalidSize" time="12.670"/>
</testsuite> <!-- com.zenken.freshers.user.Photo -->
