<?xml version="1.0" encoding="UTF-8"?>
<!-- Generated by org.testng.reporters.JUnitReportReporter -->
<testsuite hostname="Prasanna" failures="0" tests="22" name="com.zenken.freshers.user.Certifications" time="844.121" errors="0" timestamp="2024-11-22T16:24:11 IST" skipped="0">
  <testcase classname="com.zenken.freshers.user.Certifications" name="verifyCertNewUrl" time="40.894"/>
  <testcase classname="com.zenken.freshers.user.Certifications" name="verifyCertPageTitle" time="25.876"/>
  <testcase classname="com.zenken.freshers.user.Certifications" name="verifyCertPlaceholders" time="21.229"/>
  <testcase classname="com.zenken.freshers.user.Certifications" name="verifyCertAddition" time="45.189"/>
  <testcase classname="com.zenken.freshers.user.Certifications" name="verifyCertAdditionWithDetails" time="33.964"/>
  <testcase classname="com.zenken.freshers.user.Certifications" name="verifyCertFileUpload" time="29.576"/>
  <testcase classname="com.zenken.freshers.user.Certifications" name="verifyDefaultCertName" time="14.139"/>
  <testcase classname="com.zenken.freshers.user.Certifications" name="verifyCertCharCount" time="83.591"/>
  <testcase classname="com.zenken.freshers.user.Certifications" name="verifyCertEditUrl" time="45.514"/>
  <testcase classname="com.zenken.freshers.user.Certifications" name="verifyCertSavedData" time="18.954"/>
  <testcase classname="com.zenken.freshers.user.Certifications" name="verifyCertAdditionWithFile" time="71.621"/>
  <testcase classname="com.zenken.freshers.user.Certifications" name="verifyCertFileDelete" time="23.238"/>
  <testcase classname="com.zenken.freshers.user.Certifications" name="verifyCertCountExceed" time="42.427"/>
  <testcase classname="com.zenken.freshers.user.Certifications" name="verifyCertDeletePopUp" time="19.032"/>
  <testcase classname="com.zenken.freshers.user.Certifications" name="verifyCertDelete" time="44.333"/>
  <testcase classname="com.zenken.freshers.user.Certifications" name="verifyCertNameCharExceed" time="34.237"/>
  <testcase classname="com.zenken.freshers.user.Certifications" name="verifyCertDetailsCharExceed" time="19.757"/>
  <testcase classname="com.zenken.freshers.user.Certifications" name="verifyCertNameRequired" time="17.563"/>
  <testcase classname="com.zenken.freshers.user.Certifications" name="verifyCertInvalidFileFormat" time="19.153"/>
  <testcase classname="com.zenken.freshers.user.Certifications" name="verifyCertInvalidFileSize" time="147.073"/>
  <testcase classname="com.zenken.freshers.user.Certifications" name="verifyCertCancelNewRed" time="34.798"/>
  <testcase classname="com.zenken.freshers.user.Certifications" name="verifyCertCancelEditRed" time="11.963"/>
</testsuite> <!-- com.zenken.freshers.user.Certifications -->
