<?xml version="1.0" encoding="UTF-8"?>
<!-- Generated by org.testng.reporters.JUnitReportReporter -->
<testsuite hostname="Prasanna" failures="0" tests="5" name="com.zenken.freshers.user.Settings" time="240.706" errors="0" timestamp="2024-11-20T14:37:41 GMT+05:30" skipped="0">
  <testcase classname="com.zenken.freshers.user.Settings" name="verifySetDesTexts" time="42.546"/>
  <testcase classname="com.zenken.freshers.user.Settings" name="verifySettingsUrl" time="40.147"/>
  <testcase classname="com.zenken.freshers.user.Settings" name="verifySetSelected" time="59.573"/>
  <testcase classname="com.zenken.freshers.user.Settings" name="verifySetNotSelected" time="60.924"/>
  <testcase classname="com.zenken.freshers.user.Settings" name="verifySettingsTitle" time="37.516"/>
</testsuite> <!-- com.zenken.freshers.user.Settings -->
