<?xml version="1.0" encoding="UTF-8"?>
<!-- Generated by org.testng.reporters.JUnitReportReporter -->
<testsuite hostname="Prasanna" failures="0" tests="34" name="com.zenken.freshers.user.Projects" time="1006.600" errors="0" timestamp="2024-11-22T16:24:11 IST" skipped="0">
  <testcase classname="com.zenken.freshers.user.Projects" name="verifyProjectsNewUrl" time="36.622"/>
  <testcase classname="com.zenken.freshers.user.Projects" name="verifyProjectPageTitle" time="36.471"/>
  <testcase classname="com.zenken.freshers.user.Projects" name="verifyProjectPlaceholders" time="26.621"/>
  <testcase classname="com.zenken.freshers.user.Projects" name="verifyProjectEndDateDdDisable" time="19.068"/>
  <testcase classname="com.zenken.freshers.user.Projects" name="verifyProjectAddition" time="27.512"/>
  <testcase classname="com.zenken.freshers.user.Projects" name="verifyProjectAdditionWithDetails" time="47.491"/>
  <testcase classname="com.zenken.freshers.user.Projects" name="verifyProjectAdditionWithLink" time="37.982"/>
  <testcase classname="com.zenken.freshers.user.Projects" name="verifyProjectLink" time="35.561"/>
  <testcase classname="com.zenken.freshers.user.Projects" name="verifyProjectFileUpload" time="33.608"/>
  <testcase classname="com.zenken.freshers.user.Projects" name="verifyDefaultProjectName" time="14.960"/>
  <testcase classname="com.zenken.freshers.user.Projects" name="verifyProjectAdditionWithFile" time="55.867"/>
  <testcase classname="com.zenken.freshers.user.Projects" name="verifyProjectEditUrl" time="15.166"/>
  <testcase classname="com.zenken.freshers.user.Projects" name="verifyProjectSavedData" time="35.537"/>
  <testcase classname="com.zenken.freshers.user.Projects" name="verifyProjectCharCount" time="54.447"/>
  <testcase classname="com.zenken.freshers.user.Projects" name="verifyProjectFilesUpload" time="31.527"/>
  <testcase classname="com.zenken.freshers.user.Projects" name="verifyProjectFileDelete" time="13.689"/>
  <testcase classname="com.zenken.freshers.user.Projects" name="verifyProjectCountExceed" time="32.930"/>
  <testcase classname="com.zenken.freshers.user.Projects" name="verifyProjectDeletePopUp" time="27.887"/>
  <testcase classname="com.zenken.freshers.user.Projects" name="verifyProjectDelete" time="17.263"/>
  <testcase classname="com.zenken.freshers.user.Projects" name="verifyProjectTitleCharExceed" time="15.613"/>
  <testcase classname="com.zenken.freshers.user.Projects" name="verifyBeforeEndDateError" time="19.787"/>
  <testcase classname="com.zenken.freshers.user.Projects" name="verifyProjectDetailsCharExceed" time="16.269"/>
  <testcase classname="com.zenken.freshers.user.Projects" name="verifyInvalidProjectLinkError" time="14.705"/>
  <testcase classname="com.zenken.freshers.user.Projects" name="verifyProjectLinkCharExceed" time="16.949"/>
  <testcase classname="com.zenken.freshers.user.Projects" name="verifyProjectTitleRequired" time="28.026"/>
  <testcase classname="com.zenken.freshers.user.Projects" name="verifyStartMonthRequired" time="100.666"/>
  <testcase classname="com.zenken.freshers.user.Projects" name="verifyStartYearRequired" time="13.793"/>
  <testcase classname="com.zenken.freshers.user.Projects" name="verifyEndMonthRequired" time="35.032"/>
  <testcase classname="com.zenken.freshers.user.Projects" name="verifyEndYearRequired" time="13.928"/>
  <testcase classname="com.zenken.freshers.user.Projects" name="verifyInvalidFileFormat" time="14.640"/>
  <testcase classname="com.zenken.freshers.user.Projects" name="verifyInvalidFileSize" time="38.991"/>
  <testcase classname="com.zenken.freshers.user.Projects" name="verifyProjectCancelNewRed" time="16.726"/>
  <testcase classname="com.zenken.freshers.user.Projects" name="verifyMaxFilesUpload" time="47.692"/>
  <testcase classname="com.zenken.freshers.user.Projects" name="verifyProjectCancelEditRed" time="13.574"/>
</testsuite> <!-- com.zenken.freshers.user.Projects -->
