<?xml version="1.0" encoding="UTF-8"?>
<!-- Generated by org.testng.reporters.JUnitReportReporter -->
<testsuite hostname="Prasanna" failures="0" tests="7" name="com.zenken.freshers.company.ApplicantListCsv" time="157.407" errors="0" timestamp="2025-02-13T16:43:35 IST" skipped="0">
  <testcase classname="com.zenken.freshers.company.ApplicantListCsv" name="verifyCsvDlPopup" time="11.412"/>
  <testcase classname="com.zenken.freshers.company.ApplicantListCsv" name="verifyCsvDlLink" time="80.521"/>
  <testcase classname="com.zenken.freshers.company.ApplicantListCsv" name="verifyCsvDl" time="14.533"/>
  <testcase classname="com.zenken.freshers.company.ApplicantListCsv" name="verifyCsvHeader1" time="11.433"/>
  <testcase classname="com.zenken.freshers.company.ApplicantListCsv" name="verifyCsvNoApplicant" time="12.862"/>
  <testcase classname="com.zenken.freshers.company.ApplicantListCsv" name="verifyCsvHeader2" time="14.393"/>
  <testcase classname="com.zenken.freshers.company.ApplicantListCsv" name="verifyCsvValues" time="12.253"/>
</testsuite> <!-- com.zenken.freshers.company.ApplicantListCsv -->
