<?xml version="1.0" encoding="UTF-8"?>
<!-- Generated by org.testng.reporters.JUnitReportReporter -->
<testsuite hostname="Prasanna" failures="0" tests="19" name="com.zenken.freshers.user.FieldOfStudy" time="544.718" errors="0" timestamp="2024-11-20T16:16:25 IST" skipped="0">
  <testcase classname="com.zenken.freshers.user.FieldOfStudy" name="verifyCoreOtherFieldRequired" time="34.613"/>
  <testcase classname="com.zenken.freshers.user.FieldOfStudy" name="verifyITOtherFieldRequired" time="15.790"/>
  <testcase classname="com.zenken.freshers.user.FieldOfStudy" name="verifyFieldOfStudyUrl" time="13.815"/>
  <testcase classname="com.zenken.freshers.user.FieldOfStudy" name="verifyITOptions" time="42.957"/>
  <testcase classname="com.zenken.freshers.user.FieldOfStudy" name="verifyITOptionSelection" time="34.065"/>
  <testcase classname="com.zenken.freshers.user.FieldOfStudy" name="verifyCoreOptions" time="12.214"/>
  <testcase classname="com.zenken.freshers.user.FieldOfStudy" name="verifyITOtherTextBoxStates" time="19.833"/>
  <testcase classname="com.zenken.freshers.user.FieldOfStudy" name="verifyCoreOtherCharExceedError" time="22.348"/>
  <testcase classname="com.zenken.freshers.user.FieldOfStudy" name="verifyCancelRedirection" time="50.864"/>
  <testcase classname="com.zenken.freshers.user.FieldOfStudy" name="verifyCoreOtherField" time="62.457"/>
  <testcase classname="com.zenken.freshers.user.FieldOfStudy" name="verifyITOtherPlaceholder" time="11.396"/>
  <testcase classname="com.zenken.freshers.user.FieldOfStudy" name="verifyITOtherCharExceedError" time="39.934"/>
  <testcase classname="com.zenken.freshers.user.FieldOfStudy" name="verifyCoreOtherPlaceholder" time="37.759"/>
  <testcase classname="com.zenken.freshers.user.FieldOfStudy" name="verifyCoreOtherTextBoxStates" time="16.685"/>
  <testcase classname="com.zenken.freshers.user.FieldOfStudy" name="verifyResearchRequired" time="24.618"/>
  <testcase classname="com.zenken.freshers.user.FieldOfStudy" name="verifyITOtherField" time="41.270"/>
  <testcase classname="com.zenken.freshers.user.FieldOfStudy" name="verifyCoreFieldRequired" time="21.561"/>
  <testcase classname="com.zenken.freshers.user.FieldOfStudy" name="verifyCoreOptionSelection" time="17.218"/>
  <testcase classname="com.zenken.freshers.user.FieldOfStudy" name="verifyITFieldRequired" time="25.321"/>
</testsuite> <!-- com.zenken.freshers.user.FieldOfStudy -->
