<?xml version="1.0" encoding="UTF-8"?>
<!-- Generated by org.testng.reporters.JUnitReportReporter -->
<testsuite hostname="Prasanna" failures="0" tests="12" name="com.zenken.freshers.user.CommonParts" time="330.654" errors="0" timestamp="2024-11-20T14:37:41 GMT+05:30" skipped="0">
  <testcase classname="com.zenken.freshers.user.CommonParts" name="verifyLogOut" time="35.132"/>
  <testcase classname="com.zenken.freshers.user.CommonParts" name="verifyAltText" time="18.522"/>
  <testcase classname="com.zenken.freshers.user.CommonParts" name="verifyPolicy" time="13.247"/>
  <testcase classname="com.zenken.freshers.user.CommonParts" name="verifyTermsPDF" time="17.111"/>
  <testcase classname="com.zenken.freshers.user.CommonParts" name="verifyDropdown" time="43.668"/>
  <testcase classname="com.zenken.freshers.user.CommonParts" name="verifyHeaderImage" time="15.142"/>
  <testcase classname="com.zenken.freshers.user.CommonParts" name="verifyCopyrightMark" time="20.298"/>
  <testcase classname="com.zenken.freshers.user.CommonParts" name="verifyTermsPDFPostLogIn" time="31.520"/>
  <testcase classname="com.zenken.freshers.user.CommonParts" name="verifyProfileClick" time="41.382"/>
  <testcase classname="com.zenken.freshers.user.CommonParts" name="verifyHeaderImagePostLogIn" time="36.745"/>
  <testcase classname="com.zenken.freshers.user.CommonParts" name="verifyPolicyPostLogIn" time="25.802"/>
  <testcase classname="com.zenken.freshers.user.CommonParts" name="verifyAltTextPostLogIn" time="32.085"/>
</testsuite> <!-- com.zenken.freshers.user.CommonParts -->
