<?xml version="1.0" encoding="UTF-8"?>
<!-- Generated by org.testng.reporters.JUnitReportReporter -->
<testsuite hostname="Prasanna" failures="0" tests="28" name="com.zenken.freshers.user.Login" time="210.554" errors="0" timestamp="2024-11-14T17:50:31 IST" skipped="0">
  <testcase classname="com.zenken.freshers.user.Login" name="verifyInvalidEmail" time="7.509"/>
  <testcase classname="com.zenken.freshers.user.Login" name="verifyForgotPasswordPageTitle" time="3.574"/>
  <testcase classname="com.zenken.freshers.user.Login" name="verifyCreateAccountUrl" time="7.063"/>
  <testcase classname="com.zenken.freshers.user.Login" name="verifyForgotPasswordUrl" time="6.782"/>
  <testcase classname="com.zenken.freshers.user.Login" name="verifyPasswordRequired" time="7.481"/>
  <testcase classname="com.zenken.freshers.user.Login" name="verifyHeadLineText" time="5.465"/>
  <testcase classname="com.zenken.freshers.user.Login" name="verifyInvalidEmailOnForgotPasswordPage" time="7.155"/>
  <testcase classname="com.zenken.freshers.user.Login" name="verifyInvalidPassword1OnResetPasswordPage" time="9.444"/>
  <testcase classname="com.zenken.freshers.user.Login" name="verifyEmailRequired" time="6.042"/>
  <testcase classname="com.zenken.freshers.user.Login" name="verifyInvalidTokenOnResetPasswordPage" time="9.466"/>
  <testcase classname="com.zenken.freshers.user.Login" name="verifyUserLogIn" time="9.609"/>
  <testcase classname="com.zenken.freshers.user.Login" name="verifyInvalidPassword4OnResetPasswordPage" time="6.163"/>
  <testcase classname="com.zenken.freshers.user.Login" name="verifyEmailRequiredOnForgotPasswordPage" time="7.416"/>
  <testcase classname="com.zenken.freshers.user.Login" name="verifyNonExistentEmailOnForgotPasswordPage" time="6.500"/>
  <testcase classname="com.zenken.freshers.user.Login" name="verifyTitle" time="8.809"/>
  <testcase classname="com.zenken.freshers.user.Login" name="verifyForgotPasswordPageHeadline" time="6.761"/>
  <testcase classname="com.zenken.freshers.user.Login" name="verifyInvalidPassword3OnResetPasswordPage" time="7.580"/>
  <testcase classname="com.zenken.freshers.user.Login" name="verifyCredentialsMismatch" time="7.831"/>
  <testcase classname="com.zenken.freshers.user.Login" name="verifyInvalidPassword2OnResetPasswordPage" time="9.311"/>
  <testcase classname="com.zenken.freshers.user.Login" name="verifySamePasswordOnResetPasswordPage" time="9.325"/>
  <testcase classname="com.zenken.freshers.user.Login" name="verifyPasswordResetMailSend" time="10.996"/>
  <testcase classname="com.zenken.freshers.user.Login" name="verifySameMailSendWithinMinute" time="8.380"/>
  <testcase classname="com.zenken.freshers.user.Login" name="verifyPasswordResetEmail" time="8.234"/>
  <testcase classname="com.zenken.freshers.user.Login" name="verifyPasswordResetLink" time="4.901"/>
  <testcase classname="com.zenken.freshers.user.Login" name="verifyPasswordReset" time="6.808"/>
  <testcase classname="com.zenken.freshers.user.Login" name="verifyPasswordResetCompleteHeadline" time="5.923"/>
  <testcase classname="com.zenken.freshers.user.Login" name="verifyLogInUrl" time="6.781"/>
  <testcase classname="com.zenken.freshers.user.Login" name="verifyLogInAfterPasswordChange" time="9.245"/>
</testsuite> <!-- com.zenken.freshers.user.Login -->
