<?xml version="1.0" encoding="UTF-8"?>
<!-- Generated by org.testng.reporters.JUnitReportReporter -->
<testsuite hostname="Prasanna" failures="0" tests="18" name="com.zenken.freshers.user.Internships" time="328.644" errors="0" timestamp="2024-11-18T17:26:57 IST" skipped="0">
  <testcase classname="com.zenken.freshers.user.Internships" name="verifyIntNewUrl" time="11.256"/>
  <testcase classname="com.zenken.freshers.user.Internships" name="verifyInternshipPageTitle" time="12.142"/>
  <testcase classname="com.zenken.freshers.user.Internships" name="verifyInternshipPlaceholder" time="11.974"/>
  <testcase classname="com.zenken.freshers.user.Internships" name="verifyEndDateDdDisable" time="12.268"/>
  <testcase classname="com.zenken.freshers.user.Internships" name="verifyInternshipAddition" time="14.862"/>
  <testcase classname="com.zenken.freshers.user.Internships" name="verifyIntAdditionWithDetails" time="15.496"/>
  <testcase classname="com.zenken.freshers.user.Internships" name="verifyIntEditUrl" time="12.085"/>
  <testcase classname="com.zenken.freshers.user.Internships" name="verifyIntSavedData" time="12.374"/>
  <testcase classname="com.zenken.freshers.user.Internships" name="verifyIntCharCount" time="47.289"/>
  <testcase classname="com.zenken.freshers.user.Internships" name="verifyTenIntExceed" time="37.894"/>
  <testcase classname="com.zenken.freshers.user.Internships" name="verifyIntDeletePopUp" time="38.253"/>
  <testcase classname="com.zenken.freshers.user.Internships" name="verifyIntDelete" time="13.944"/>
  <testcase classname="com.zenken.freshers.user.Internships" name="verifyIntDetailsCharExceed" time="21.983"/>
  <testcase classname="com.zenken.freshers.user.Internships" name="verifyEndDateMismatch" time="14.430"/>
  <testcase classname="com.zenken.freshers.user.Internships" name="verifyStartMonthRequired" time="13.931"/>
  <testcase classname="com.zenken.freshers.user.Internships" name="verifyStartYearRequired" time="13.677"/>
  <testcase classname="com.zenken.freshers.user.Internships" name="verifyEndMonthRequired" time="11.330"/>
  <testcase classname="com.zenken.freshers.user.Internships" name="verifyEndYearRequired" time="13.456"/>
</testsuite> <!-- com.zenken.freshers.user.Internships -->
