<?xml version="1.0" encoding="UTF-8"?>
<!-- Generated by org.testng.reporters.JUnitReportReporter -->
<testsuite hostname="Prasanna" failures="0" tests="11" name="com.zenken.freshers.user.JapanesePlacementConsentForm" time="320.554" errors="0" timestamp="2024-10-30T17:36:27 IST" skipped="0">
  <testcase classname="com.zenken.freshers.user.JapanesePlacementConsentForm" name="verifyConsentFormUrl" time="25.209"/>
  <testcase classname="com.zenken.freshers.user.JapanesePlacementConsentForm" name="verifyConsentFormTitle" time="28.425"/>
  <testcase classname="com.zenken.freshers.user.JapanesePlacementConsentForm" name="verifyIsCFSaved" time="26.659"/>
  <testcase classname="com.zenken.freshers.user.JapanesePlacementConsentForm" name="verifyConsentFormDL" time="32.147"/>
  <testcase classname="com.zenken.freshers.user.JapanesePlacementConsentForm" name="verifyCFUploadAndDl" time="72.891"/>
  <testcase classname="com.zenken.freshers.user.JapanesePlacementConsentForm" name="verifyConsentFormDelete" time="20.042"/>
  <testcase classname="com.zenken.freshers.user.JapanesePlacementConsentForm" name="verifyCFReqToApply" time="17.551"/>
  <testcase classname="com.zenken.freshers.user.JapanesePlacementConsentForm" name="verifyAgreeCBReqToSave" time="24.949"/>
  <testcase classname="com.zenken.freshers.user.JapanesePlacementConsentForm" name="verifyCFInvalidFileFormat" time="22.002"/>
  <testcase classname="com.zenken.freshers.user.JapanesePlacementConsentForm" name="verifyCFInvalidFileSize" time="23.942"/>
  <testcase classname="com.zenken.freshers.user.JapanesePlacementConsentForm" name="verifyCFCancelRed" time="26.737"/>
</testsuite> <!-- com.zenken.freshers.user.JapanesePlacementConsentForm -->
