<?xml version="1.0" encoding="UTF-8"?>
<!-- Generated by org.testng.reporters.JUnitReportReporter -->
<testsuite hostname="Prasanna" failures="0" tests="12" name="com.zenken.freshers.user.CommonParts" time="336.734" errors="0" timestamp="2024-11-20T16:16:25 IST" skipped="0">
  <testcase classname="com.zenken.freshers.user.CommonParts" name="verifyCopyrightMark" time="17.534"/>
  <testcase classname="com.zenken.freshers.user.CommonParts" name="verifyProfileClick" time="37.913"/>
  <testcase classname="com.zenken.freshers.user.CommonParts" name="verifyHeaderImage" time="13.327"/>
  <testcase classname="com.zenken.freshers.user.CommonParts" name="verifyAltText" time="25.989"/>
  <testcase classname="com.zenken.freshers.user.CommonParts" name="verifyDropdown" time="34.249"/>
  <testcase classname="com.zenken.freshers.user.CommonParts" name="verifyLogOut" time="45.429"/>
  <testcase classname="com.zenken.freshers.user.CommonParts" name="verifyHeaderImagePostLogIn" time="27.025"/>
  <testcase classname="com.zenken.freshers.user.CommonParts" name="verifyPolicy" time="18.310"/>
  <testcase classname="com.zenken.freshers.user.CommonParts" name="verifyPolicyPostLogIn" time="33.651"/>
  <testcase classname="com.zenken.freshers.user.CommonParts" name="verifyTermsPDF" time="19.059"/>
  <testcase classname="com.zenken.freshers.user.CommonParts" name="verifyTermsPDFPostLogIn" time="28.400"/>
  <testcase classname="com.zenken.freshers.user.CommonParts" name="verifyAltTextPostLogIn" time="35.848"/>
</testsuite> <!-- com.zenken.freshers.user.CommonParts -->
