<?xml version="1.0" encoding="UTF-8"?>
<!-- Generated by org.testng.reporters.JUnitReportReporter -->
<testsuite hostname="Prasanna" failures="0" tests="5" name="com.zenken.freshers.user.Settings" time="230.901" errors="0" timestamp="2024-11-20T16:16:25 IST" skipped="0">
  <testcase classname="com.zenken.freshers.user.Settings" name="verifySetSelected" time="45.503"/>
  <testcase classname="com.zenken.freshers.user.Settings" name="verifySettingsTitle" time="40.785"/>
  <testcase classname="com.zenken.freshers.user.Settings" name="verifySetNotSelected" time="61.072"/>
  <testcase classname="com.zenken.freshers.user.Settings" name="verifySettingsUrl" time="37.550"/>
  <testcase classname="com.zenken.freshers.user.Settings" name="verifySetDesTexts" time="45.991"/>
</testsuite> <!-- com.zenken.freshers.user.Settings -->
