<?xml version="1.0" encoding="UTF-8"?>
<!-- Generated by org.testng.reporters.JUnitReportReporter -->
<testsuite hostname="Prasanna" failures="0" tests="11" name="com.zenken.freshers.user.Photo" time="441.858" errors="0" timestamp="2024-11-20T16:16:25 IST" skipped="0">
  <testcase classname="com.zenken.freshers.user.Photo" name="verifyPhotoUrl" time="39.730"/>
  <testcase classname="com.zenken.freshers.user.Photo" name="verifyPhotoTitle" time="47.567"/>
  <testcase classname="com.zenken.freshers.user.Photo" name="verifyUploadModalDisplay" time="26.663"/>
  <testcase classname="com.zenken.freshers.user.Photo" name="verifyImageResize" time="39.372"/>
  <testcase classname="com.zenken.freshers.user.Photo" name="verifyImageDrag" time="37.463"/>
  <testcase classname="com.zenken.freshers.user.Photo" name="verifyPhotoUpload" time="54.337"/>
  <testcase classname="com.zenken.freshers.user.Photo" name="verifyPhotoImage" time="78.786"/>
  <testcase classname="com.zenken.freshers.user.Photo" name="verifyPhotoChange" time="36.730"/>
  <testcase classname="com.zenken.freshers.user.Photo" name="verifyPhotoDelete" time="23.398"/>
  <testcase classname="com.zenken.freshers.user.Photo" name="verifyPhotoInvalidFile" time="30.315"/>
  <testcase classname="com.zenken.freshers.user.Photo" name="verifyPhotoInvalidSize" time="27.497"/>
</testsuite> <!-- com.zenken.freshers.user.Photo -->
