<?xml version="1.0" encoding="UTF-8"?>
<!-- Generated by org.testng.reporters.JUnitReportReporter -->
<testsuite hostname="Prasanna" failures="0" tests="13" name="com.zenken.freshers.user.Skills" time="581.592" errors="0" timestamp="2024-11-22T16:24:11 IST" skipped="0">
  <testcase classname="com.zenken.freshers.user.Skills" name="verifySkillRequiredToApply" time="61.431"/>
  <testcase classname="com.zenken.freshers.user.Skills" name="verify100SkillsAddition" time="101.775"/>
  <testcase classname="com.zenken.freshers.user.Skills" name="verifySkillAddition" time="52.179"/>
  <testcase classname="com.zenken.freshers.user.Skills" name="verifySkillDeleteOnEditPage" time="36.246"/>
  <testcase classname="com.zenken.freshers.user.Skills" name="verifySkillDeleteOnPreviewPage" time="74.454"/>
  <testcase classname="com.zenken.freshers.user.Skills" name="verifySkillsUrl" time="23.107"/>
  <testcase classname="com.zenken.freshers.user.Skills" name="verifyEditSkillsPageTitle" time="41.351"/>
  <testcase classname="com.zenken.freshers.user.Skills" name="verifySkillsPlaceholder" time="26.931"/>
  <testcase classname="com.zenken.freshers.user.Skills" name="verifySkillOptionsPopulation" time="21.304"/>
  <testcase classname="com.zenken.freshers.user.Skills" name="verifySkillSelection" time="33.298"/>
  <testcase classname="com.zenken.freshers.user.Skills" name="verifySkillLevelSelection" time="36.659"/>
  <testcase classname="com.zenken.freshers.user.Skills" name="verifySkillsCancel" time="30.790"/>
  <testcase classname="com.zenken.freshers.user.Skills" name="verifySkillLevelRequired" time="42.067"/>
</testsuite> <!-- com.zenken.freshers.user.Skills -->
