<?xml version="1.0" encoding="UTF-8"?>
<!-- Generated by org.testng.reporters.JUnitReportReporter -->
<testsuite hostname="Prasanna" failures="0" tests="19" name="com.zenken.freshers.user.JobsApply" time="302.093" errors="0" timestamp="2025-01-28T12:50:20 IST" skipped="0">
  <testcase classname="com.zenken.freshers.user.JobsApply" name="verifyApplicationDeadline" time="41.319"/>
  <testcase classname="com.zenken.freshers.user.JobsApply" name="verifyApplyAreaText" time="8.909"/>
  <testcase classname="com.zenken.freshers.user.JobsApply" name="verifyApplyNotAllowed1" time="8.953"/>
  <testcase classname="com.zenken.freshers.user.JobsApply" name="verifyApplyAreaDisplay" time="4.326"/>
  <testcase classname="com.zenken.freshers.user.JobsApply" name="verifyProfileCompletePopup" time="8.920"/>
  <testcase classname="com.zenken.freshers.user.JobsApply" name="verifyProfilePageURL" time="8.245"/>
  <testcase classname="com.zenken.freshers.user.JobsApply" name="verifyFinalConfPopup1" time="86.535"/>
  <testcase classname="com.zenken.freshers.user.JobsApply" name="verifyJobApplication1" time="13.265"/>
  <testcase classname="com.zenken.freshers.user.JobsApply" name="verifyApplyMailReception1" time="4.489"/>
  <testcase classname="com.zenken.freshers.user.JobsApply" name="verifyApplyNotAllowed2" time="9.131"/>
  <testcase classname="com.zenken.freshers.user.JobsApply" name="verifyApplyFormURL" time="9.814"/>
  <testcase classname="com.zenken.freshers.user.JobsApply" name="verifyApplyFormText" time="11.581"/>
  <testcase classname="com.zenken.freshers.user.JobsApply" name="verifyApplyFormCancel" time="10.089"/>
  <testcase classname="com.zenken.freshers.user.JobsApply" name="verifyApplyFormMandatoryFields" time="19.874"/>
  <testcase classname="com.zenken.freshers.user.JobsApply" name="verifyApplyFormCharExceed" time="13.929"/>
  <testcase classname="com.zenken.freshers.user.JobsApply" name="verifyFinalConfPopup2" time="12.158"/>
  <testcase classname="com.zenken.freshers.user.JobsApply" name="verifyJobApplication2" time="14.314"/>
  <testcase classname="com.zenken.freshers.user.JobsApply" name="verifyApplyMailReception2" time="6.521"/>
  <testcase classname="com.zenken.freshers.user.JobsApply" name="verifyApplyNotAllowed3" time="9.721"/>
</testsuite> <!-- com.zenken.freshers.user.JobsApply -->
