<?xml version="1.0" encoding="UTF-8"?>
<!-- Generated by org.testng.reporters.JUnitReportReporter -->
<testsuite hostname="Prasanna" failures="0" tests="37" name="com.zenken.freshers.user.Registration" time="216.452" errors="0" timestamp="2024-11-21T13:31:13 IST" skipped="0">
  <testcase classname="com.zenken.freshers.user.Registration" name="verifyPlaceholders" time="3.701"/>
  <testcase classname="com.zenken.freshers.user.Registration" name="verifyLogInUrl" time="5.894"/>
  <testcase classname="com.zenken.freshers.user.Registration" name="verifyPasswordRequired" time="5.987"/>
  <testcase classname="com.zenken.freshers.user.Registration" name="verifyInvalidUsn" time="5.994"/>
  <testcase classname="com.zenken.freshers.user.Registration" name="verifyTexts" time="3.845"/>
  <testcase classname="com.zenken.freshers.user.Registration" name="verifyIncorrectPassword2" time="6.088"/>
  <testcase classname="com.zenken.freshers.user.Registration" name="verifyTitle" time="8.517"/>
  <testcase classname="com.zenken.freshers.user.Registration" name="verifyPolicy" time="10.038"/>
  <testcase classname="com.zenken.freshers.user.Registration" name="verifyUSNRequired" time="5.383"/>
  <testcase classname="com.zenken.freshers.user.Registration" name="verifyCharExceedLastName" time="7.007"/>
  <testcase classname="com.zenken.freshers.user.Registration" name="verifyCollegeSelect" time="3.987"/>
  <testcase classname="com.zenken.freshers.user.Registration" name="verifyYearSelect" time="3.974"/>
  <testcase classname="com.zenken.freshers.user.Registration" name="verifyCharExceedFirstName" time="6.647"/>
  <testcase classname="com.zenken.freshers.user.Registration" name="verifyTermsAgreementRequired" time="5.980"/>
  <testcase classname="com.zenken.freshers.user.Registration" name="verifyCharExceedUsn" time="6.041"/>
  <testcase classname="com.zenken.freshers.user.Registration" name="verifyIncorrectPassword4" time="5.850"/>
  <testcase classname="com.zenken.freshers.user.Registration" name="verifyTermsPDF" time="4.596"/>
  <testcase classname="com.zenken.freshers.user.Registration" name="verifyLastNameRequired" time="8.432"/>
  <testcase classname="com.zenken.freshers.user.Registration" name="verifyCollegeRequired" time="5.449"/>
  <testcase classname="com.zenken.freshers.user.Registration" name="verifyUsedEmail" time="5.254"/>
  <testcase classname="com.zenken.freshers.user.Registration" name="verifyYearRequired" time="5.066"/>
  <testcase classname="com.zenken.freshers.user.Registration" name="verifyIncorrectPassword1" time="5.029"/>
  <testcase classname="com.zenken.freshers.user.Registration" name="verifyRadioSelect" time="3.866"/>
  <testcase classname="com.zenken.freshers.user.Registration" name="verifyInterestRequired" time="6.021"/>
  <testcase classname="com.zenken.freshers.user.Registration" name="verifyFirstNameRequired" time="6.436"/>
  <testcase classname="com.zenken.freshers.user.Registration" name="verifyInvalidEmail" time="6.177"/>
  <testcase classname="com.zenken.freshers.user.Registration" name="verifyCheckBoxState" time="3.363"/>
  <testcase classname="com.zenken.freshers.user.Registration" name="verifyTextBoxDisable" time="3.647"/>
  <testcase classname="com.zenken.freshers.user.Registration" name="verifyEmailRequired" time="5.857"/>
  <testcase classname="com.zenken.freshers.user.Registration" name="verifyIncorrectPassword3" time="5.966"/>
  <testcase classname="com.zenken.freshers.user.Registration" name="verifyCharExceedMiddleName" time="6.864"/>
  <testcase classname="com.zenken.freshers.user.Registration" name="verifyUserRegistration" time="10.889"/>
  <testcase classname="com.zenken.freshers.user.Registration" name="verifyEmail" time="6.039"/>
  <testcase classname="com.zenken.freshers.user.Registration" name="verifyEmailPageTitle" time="3.451"/>
  <testcase classname="com.zenken.freshers.user.Registration" name="verifyEmailAddress" time="4.984"/>
  <testcase classname="com.zenken.freshers.user.Registration" name="verifyEmailResend" time="5.560"/>
  <testcase classname="com.zenken.freshers.user.Registration" name="verifyEmailVerificationLink" time="8.573"/>
</testsuite> <!-- com.zenken.freshers.user.Registration -->
