<?xml version="1.0" encoding="UTF-8"?>
<!-- Generated by org.testng.reporters.JUnitReportReporter -->
<testsuite hostname="Prasanna" failures="0" tests="15" name="com.zenken.freshers.company.ScreeeningProcess" time="254.176" errors="0" timestamp="2025-02-27T18:08:05 IST" skipped="0">
  <testcase classname="com.zenken.freshers.company.ScreeeningProcess" name="verifyEventRecord" time="10.762"/>
  <testcase classname="com.zenken.freshers.company.ScreeeningProcess" name="verifyEventDetails" time="11.780"/>
  <testcase classname="com.zenken.freshers.company.ScreeeningProcess" name="verifyJobNames" time="9.746"/>
  <testcase classname="com.zenken.freshers.company.ScreeeningProcess" name="verifyNoApplicantText" time="11.452"/>
  <testcase classname="com.zenken.freshers.company.ScreeeningProcess" name="verifyScreeningEndBtState" time="9.791"/>
  <testcase classname="com.zenken.freshers.company.ScreeeningProcess" name="verifyEventRecord2" time="55.090"/>
  <testcase classname="com.zenken.freshers.company.ScreeeningProcess" name="verifyEventDetails2" time="11.748"/>
  <testcase classname="com.zenken.freshers.company.ScreeeningProcess" name="verifyScreeningEndBtState2" time="9.842"/>
  <testcase classname="com.zenken.freshers.company.ScreeeningProcess" name="verifyCandDetails" time="12.430"/>
  <testcase classname="com.zenken.freshers.company.ScreeeningProcess" name="verifyRejectAll" time="11.183"/>
  <testcase classname="com.zenken.freshers.company.ScreeeningProcess" name="verifyCandDetailsLink" time="11.560"/>
  <testcase classname="com.zenken.freshers.company.ScreeeningProcess" name="verifyApplicationDate" time="39.307"/>
  <testcase classname="com.zenken.freshers.company.ScreeeningProcess" name="verifyScreeningPopup" time="12.676"/>
  <testcase classname="com.zenken.freshers.company.ScreeeningProcess" name="verifyScreeningEnd" time="26.666"/>
  <testcase classname="com.zenken.freshers.company.ScreeeningProcess" name="verifyPostScreeningDisplay" time="10.143"/>
</testsuite> <!-- com.zenken.freshers.company.ScreeeningProcess -->
