<?xml version="1.0" encoding="UTF-8"?>
<!-- Generated by org.testng.reporters.JUnitReportReporter -->
<testsuite hostname="Prasanna" failures="0" tests="5" name="com.zenken.freshers.user.Settings" time="67.294" errors="0" timestamp="2024-11-14T17:28:58 IST" skipped="0">
  <testcase classname="com.zenken.freshers.user.Settings" name="verifySetSelected" time="16.128"/>
  <testcase classname="com.zenken.freshers.user.Settings" name="verifySettingsTitle" time="10.178"/>
  <testcase classname="com.zenken.freshers.user.Settings" name="verifySetDesTexts" time="11.263"/>
  <testcase classname="com.zenken.freshers.user.Settings" name="verifySettingsUrl" time="13.324"/>
  <testcase classname="com.zenken.freshers.user.Settings" name="verifySetNotSelected" time="16.401"/>
</testsuite> <!-- com.zenken.freshers.user.Settings -->
