<?xml version="1.0" encoding="UTF-8"?>
<!-- Generated by org.testng.reporters.JUnitReportReporter -->
<testsuite hostname="Prasanna" failures="0" tests="5" name="com.zenken.freshers.user.Settings" time="109.432" errors="0" timestamp="2024-11-26T15:16:38 IST" skipped="0">
  <testcase classname="com.zenken.freshers.user.Settings" name="verifySetDesTexts" time="14.695"/>
  <testcase classname="com.zenken.freshers.user.Settings" name="verifySettingsTitle" time="21.470"/>
  <testcase classname="com.zenken.freshers.user.Settings" name="verifySettingsUrl" time="21.486"/>
  <testcase classname="com.zenken.freshers.user.Settings" name="verifySetNotSelected" time="28.040"/>
  <testcase classname="com.zenken.freshers.user.Settings" name="verifySetSelected" time="23.741"/>
</testsuite> <!-- com.zenken.freshers.user.Settings -->
